#
# A fatal error has been detected by the Java Runtime Environment:
#
#  EXCEPTION_ACCESS_VIOLATION (0xc0000005) at pc=0x00007ffdf1bcc17e, pid=20272, tid=18440
#
# JRE version:  (16.0.2+7) (build )
# Java VM: Java HotSpot(TM) 64-Bit Server VM (16.0.2+7-67, mixed mode, sharing, tiered, compressed oops, compressed class ptrs, g1 gc, windows-amd64)
# Problematic frame:
# V  [jvm.dll+0x2bc17e]
#
# No core dump will be written. Minidumps are not enabled by default on client versions of Windows
#
#

---------------  S U M M A R Y ------------

Command Line: -Dfile.encoding=utf8 c:\Users\ANISH KUMAR\.vscode\extensions\vscjava.vscode-gradle-3.13.5\lib\gradle-language-server.jar

Host: Intel(R) Core(TM) i3-1005G1 CPU @ 1.20GHz, 4 cores, 7G,  Windows 10 , 64 bit Build 22621 (10.0.22621.3374)
Time: Tue May  7 10:21:11 2024 India Standard Time elapsed time: 0.131148 seconds (0d 0h 0m 0s)

---------------  T H R E A D  ---------------

Current thread (0x00000255b0c46800):  JavaThread "Unknown thread" [_thread_in_vm, id=18440, stack(0x0000006516500000,0x0000006516600000)]

Stack: [0x0000006516500000,0x0000006516600000],  sp=0x00000065165fed40,  free space=1019k
Native frames: (J=compiled Java code, j=interpreted, Vv=VM code, C=native code)
V  [jvm.dll+0x2bc17e]
V  [jvm.dll+0x2bc5f1]
V  [jvm.dll+0x61462b]
V  [jvm.dll+0x614813]
V  [jvm.dll+0x613ffb]
V  [jvm.dll+0x60f2d4]
V  [jvm.dll+0x79c775]
V  [jvm.dll+0x360791]
V  [jvm.dll+0x77a3f0]
V  [jvm.dll+0x3e4e8f]
V  [jvm.dll+0x3e6961]
C  [jli.dll+0x52fb]
C  [ucrtbase.dll+0x29333]
C  [KERNEL32.DLL+0x1257d]
C  [ntdll.dll+0x5aa48]


siginfo: EXCEPTION_ACCESS_VIOLATION (0xc0000005), reading address 0x0000000000000000


Registers:
RAX=0x00000cb44c953456, RBX=0x0000000000000000, RCX=0x0000000000000000, RDX=0x00007ffdf21ef701
RSP=0x00000065165fed40, RBP=0x0000000000000001, RSI=0x00000008008e20a0, RDI=0x0000000000000000
R8 =0x0000000000000001, R9 =0x0000000000000001, R10=0x00000255c6991a30, R11=0x0000000000000246
R12=0x00007ffdf1f22fd0, R13=0x00000255aeb0d570, R14=0x0000000000000001, R15=0x0000000000000000
RIP=0x00007ffdf1bcc17e, EFLAGS=0x0000000000010246

Top of Stack: (sp=0x00000065165fed40)
0x00000065165fed40:   0000000800410000 0000000040c00000
0x00000065165fed50:   00000255aeb0d570 00007ffdf1f22fd0
0x00000065165fed60:   00000000007a0000 0000000000c00000
0x00000065165fed70:   0000000800000000 00007ffd0000000c
0x00000065165fed80:   00000cb44c9535d6 0000000000000000
0x00000065165fed90:   00000cb44c953456 0000000800000000
0x00000065165feda0:   0000000000000000 00007ffdf1bcc5f1
0x00000065165fedb0:   0000000000000002 0000000000000000
0x00000065165fedc0:   0000000000000000 00000255b0cfe930
0x00000065165fedd0:   00000008008e2098 00007ffd00000001
0x00000065165fede0:   00000065165fedf0 0000000800000000
0x00000065165fedf0:   0000000000000000 0000000000000000
0x00000065165fee00:   0000000000000000 0000000000000000
0x00000065165fee10:   ffffffff38202000 3a34323a33322000
0x00000065165fee20:   00000cb44c9534a6 0000000000000000
0x00000065165fee30:   00000255aeb0d570 0000000000000000 

Instructions: (pc=0x00007ffdf1bcc17e)
0x00007ffdf1bcc07e:   cc e8 ac c2 f3 ff 49 83 7e 08 00 48 8b f8 75 2f
0x00007ffdf1bcc08e:   8b 94 24 80 00 00 00 4d 8b c6 48 8b 4c 24 20 e8
0x00007ffdf1bcc09e:   be 31 f2 ff 4c 63 84 24 80 00 00 00 48 8b d7 48
0x00007ffdf1bcc0ae:   8b d8 48 8d 48 04 e8 ed 91 56 00 49 89 5f 20 48
0x00007ffdf1bcc0be:   8b 9c 24 88 00 00 00 48 83 7d 00 00 74 15 48 8b
0x00007ffdf1bcc0ce:   54 24 28 48 8b ce e8 47 26 df ff 48 8b cd e8 af
0x00007ffdf1bcc0de:   25 df ff 48 89 5e 20 48 8b 5c 24 70 48 89 6e 10
0x00007ffdf1bcc0ee:   4c 89 6e 18 48 83 c4 30 41 5f 41 5e 41 5d 41 5c
0x00007ffdf1bcc0fe:   5f 5e 5d c3 41 c6 07 02 eb b5 cc cc cc cc cc cc
0x00007ffdf1bcc10e:   cc cc 40 53 48 83 ec 20 48 8b d9 e8 42 b7 3a 00
0x00007ffdf1bcc11e:   ff c8 48 63 c8 48 8b 43 28 48 03 c1 48 f7 d1 48
0x00007ffdf1bcc12e:   23 c1 48 83 c4 20 5b c3 cc cc cc cc cc cc cc cc
0x00007ffdf1bcc13e:   cc cc 48 89 5c 24 10 48 89 6c 24 18 48 89 74 24
0x00007ffdf1bcc14e:   20 57 48 83 ec 60 48 8b 05 ad 4b 7e 00 48 33 c4
0x00007ffdf1bcc15e:   48 89 44 24 50 80 3d 9f 66 7b 00 00 0f b6 ea 48
0x00007ffdf1bcc16e:   8b f1 74 17 80 39 00 75 12 48 8b 0d 02 0c 81 00
0x00007ffdf1bcc17e:   48 8b 01 ff 50 20 48 8b d8 eb 08 48 8b 59 18 48
0x00007ffdf1bcc18e:   83 c3 04 48 83 3d e7 0c 81 00 00 40 b7 01 74 0f
0x00007ffdf1bcc19e:   48 8b d3 48 8d 0d 98 31 62 00 e8 b3 29 f3 ff 48
0x00007ffdf1bcc1ae:   8d 54 24 20 48 8b cb e8 b6 ab 3a 00 85 c0 74 19
0x00007ffdf1bcc1be:   40 84 ed 74 14 48 8b d3 48 8d 0d 9b 31 62 00 e8
0x00007ffdf1bcc1ce:   be d4 ff ff 40 32 ff eb 7a 80 3e 03 75 20 48 8b
0x00007ffdf1bcc1de:   cb e8 8c 50 3a 00 84 c0 75 69 48 8b d3 48 8d 0d
0x00007ffdf1bcc1ee:   a6 31 62 00 e8 99 d4 ff ff 40 32 ff eb 55 48 8b
0x00007ffdf1bcc1fe:   56 08 4c 8b 44 24 40 48 85 d2 74 05 49 3b d0 75
0x00007ffdf1bcc20e:   0b 48 63 44 24 34 48 39 46 10 74 37 40 32 ff 40
0x00007ffdf1bcc21e:   38 3d 52 b8 81 00 74 1c 49 3b d0 48 8d 05 88 31
0x00007ffdf1bcc22e:   62 00 48 8d 0d 99 31 62 00 48 0f 45 c8 e8 50 d4
0x00007ffdf1bcc23e:   ff ff eb 0f 48 8b d3 48 8d 0d a4 31 62 00 e8 3f
0x00007ffdf1bcc24e:   d4 ff ff 80 3d 1e b8 81 00 00 74 10 40 84 ff 75
0x00007ffdf1bcc25e:   0b c6 05 5b f6 82 00 01 b0 01 eb 04 40 0f b6 c7
0x00007ffdf1bcc26e:   48 8b 4c 24 50 48 33 cc e8 a5 7e 56 00 4c 8d 5c 



---------------  P R O C E S S  ---------------

Threads class SMR info:
_java_thread_list=0x00007ffdf241cbb8, length=0, elements={
}

Java Threads: ( => current thread )

Other Threads:
  0x00000255b0c85230 GCTaskThread "GC Thread#0" [stack: 0x0000000000000000,0x0000000000000000] [id=10028]
  0x00000255b0c959b0 ConcurrentGCThread "G1 Main Marker" [stack: 0x0000006516800000,0x0000006516900000] [id=8388]
  0x00000255b0c97580 ConcurrentGCThread "G1 Conc#0" [stack: 0x0000000000000000,0x0000000000000000] [id=12380]
  0x00000255b0cfd6f0 ConcurrentGCThread "G1 Refine#0" [stack: 0x0000006516a00000,0x0000006516b00000] [id=18768]
  0x00000255b0cff200 ConcurrentGCThread "G1 Service" [stack: 0x0000006516b00000,0x0000006516c00000] [id=8756]

=>0x00000255b0c46800 (exited) JavaThread "Unknown thread" [_thread_in_vm, id=18440, stack(0x0000006516500000,0x0000006516600000)]

Threads with active compile tasks:

VM state: not at safepoint (not fully initialized)

VM Mutex/Monitor currently owned by a thread: None

Heap address: 0x0000000084e00000, size: 1970 MB, Compressed Oops mode: 32-bit

CDS archive(s) mapped at: [0x0000000000000000-0x0000000000000000-0x0000000000000000), size 0, SharedBaseAddress: 0x0000000800000000, ArchiveRelocationMode: 0.
Narrow klass base: 0x0000000000000000, Narrow klass shift: 0, Narrow klass range: 0x0

GC Precious Log:
 CPUs: 4 total, 4 available
 Memory: 7879M
 Large Page Support: Disabled
 NUMA Support: Disabled
 Compressed Oops: Enabled (32-bit)
 Heap Region Size: 1M
 Heap Min Capacity: 8M
 Heap Initial Capacity: 124M
 Heap Max Capacity: 1970M
 Pre-touch: Disabled
 Parallel Workers: 4
 Concurrent Workers: 1
 Concurrent Refinement Workers: 4
 Periodic GC: Disabled

Heap:
 garbage-first heap   total 126976K, used 0K [0x0000000084e00000, 0x0000000100000000)
  region size 1024K, 0 young (0K), 0 survivors (0K)

[error occurred during error reporting (printing heap information), id 0xc0000005, EXCEPTION_ACCESS_VIOLATION (0xc0000005) at pc=0x00007ffdf1fd1eed]

GC Heap History (0 events):
No events

Deoptimization events (0 events):
No events

Classes unloaded (0 events):
No events

Classes redefined (0 events):
No events

Internal exceptions (0 events):
No events

Events (2 events):
Event: 0.024 Loaded shared library c:\Program Files\jdk-16.0.2\bin\java.dll
Event: 0.025 Loaded shared library c:\Program Files\jdk-16.0.2\bin\zip.dll


Dynamic libraries:
0x00007ff712090000 - 0x00007ff7120a0000 	c:\Program Files\jdk-16.0.2\bin\java.exe
0x00007ffe82f30000 - 0x00007ffe83146000 	C:\WINDOWS\SYSTEM32\ntdll.dll
0x00007ffe45200000 - 0x00007ffe45219000 	C:\Program Files\AVG\Antivirus\aswhook.dll
0x00007ffe82130000 - 0x00007ffe821f4000 	C:\WINDOWS\System32\KERNEL32.DLL
0x00007ffe80570000 - 0x00007ffe80917000 	C:\WINDOWS\System32\KERNELBASE.dll
0x00007ffe80950000 - 0x00007ffe80a61000 	C:\WINDOWS\System32\ucrtbase.dll
0x00007ffe4f690000 - 0x00007ffe4f6a8000 	c:\Program Files\jdk-16.0.2\bin\jli.dll
0x00007ffe82b30000 - 0x00007ffe82be2000 	C:\WINDOWS\System32\ADVAPI32.dll
0x00007ffe81e20000 - 0x00007ffe81ec7000 	C:\WINDOWS\System32\msvcrt.dll
0x00007ffe82d50000 - 0x00007ffe82df8000 	C:\WINDOWS\System32\sechost.dll
0x00007ffe80920000 - 0x00007ffe80948000 	C:\WINDOWS\System32\bcrypt.dll
0x00007ffe81f10000 - 0x00007ffe82025000 	C:\WINDOWS\System32\RPCRT4.dll
0x00007ffe81000000 - 0x00007ffe811ae000 	C:\WINDOWS\System32\USER32.dll
0x00007ffe80c30000 - 0x00007ffe80c56000 	C:\WINDOWS\System32\win32u.dll
0x00007ffe81ee0000 - 0x00007ffe81f09000 	C:\WINDOWS\System32\GDI32.dll
0x00007ffe80a70000 - 0x00007ffe80b89000 	C:\WINDOWS\System32\gdi32full.dll
0x00007ffe80b90000 - 0x00007ffe80c2a000 	C:\WINDOWS\System32\msvcp_win.dll
0x00007ffe4f670000 - 0x00007ffe4f689000 	c:\Program Files\jdk-16.0.2\bin\VCRUNTIME140.dll
0x00007ffe5d440000 - 0x00007ffe5d6d3000 	C:\WINDOWS\WinSxS\amd64_microsoft.windows.common-controls_6595b64144ccf1df_6.0.22621.3235_none_270f74e173860f98\COMCTL32.dll
0x00007ffe78ac0000 - 0x00007ffe78aca000 	C:\WINDOWS\SYSTEM32\VERSION.dll
0x00007ffe82e50000 - 0x00007ffe82e81000 	C:\WINDOWS\System32\IMM32.DLL
0x00007ffe787a0000 - 0x00007ffe787ac000 	c:\Program Files\jdk-16.0.2\bin\vcruntime140_1.dll
0x00007ffe33670000 - 0x00007ffe33701000 	c:\Program Files\jdk-16.0.2\bin\msvcp140.dll
0x00007ffdf1910000 - 0x00007ffdf24bb000 	c:\Program Files\jdk-16.0.2\bin\server\jvm.dll
0x00007ffe822e0000 - 0x00007ffe822e8000 	C:\WINDOWS\System32\PSAPI.DLL
0x00007ffe67b00000 - 0x00007ffe67b09000 	C:\WINDOWS\SYSTEM32\WSOCK32.dll
0x00007ffe82950000 - 0x00007ffe829c1000 	C:\WINDOWS\System32\WS2_32.dll
0x00007ffe78760000 - 0x00007ffe78794000 	C:\WINDOWS\SYSTEM32\WINMM.dll
0x00007ffe7f340000 - 0x00007ffe7f358000 	C:\WINDOWS\SYSTEM32\kernel.appcore.dll
0x00007ffe71ab0000 - 0x00007ffe71aba000 	c:\Program Files\jdk-16.0.2\bin\jimage.dll
0x00007ffe7dd00000 - 0x00007ffe7df33000 	C:\WINDOWS\SYSTEM32\DBGHELP.DLL
0x00007ffe80c60000 - 0x00007ffe80fe8000 	C:\WINDOWS\System32\combase.dll
0x00007ffe81220000 - 0x00007ffe812f7000 	C:\WINDOWS\System32\OLEAUT32.dll
0x00007ffe71c60000 - 0x00007ffe71c92000 	C:\WINDOWS\SYSTEM32\dbgcore.DLL
0x00007ffe804f0000 - 0x00007ffe80569000 	C:\WINDOWS\System32\bcryptPrimitives.dll
0x00007ffe4ced0000 - 0x00007ffe4cef5000 	c:\Program Files\jdk-16.0.2\bin\java.dll
0x00007ffe4ceb0000 - 0x00007ffe4cec8000 	c:\Program Files\jdk-16.0.2\bin\zip.dll

dbghelp: loaded successfully - version: 4.0.5 - missing functions: none
symbol engine: initialized successfully - sym options: 0x614 - pdb path: .;c:\Program Files\jdk-16.0.2\bin;C:\WINDOWS\SYSTEM32;C:\Program Files\AVG\Antivirus;C:\WINDOWS\WinSxS\amd64_microsoft.windows.common-controls_6595b64144ccf1df_6.0.22621.3235_none_270f74e173860f98;c:\Program Files\jdk-16.0.2\bin\server

VM Arguments:
jvm_args: -Dfile.encoding=utf8 
java_command: c:\Users\ANISH KUMAR\.vscode\extensions\vscjava.vscode-gradle-3.13.5\lib\gradle-language-server.jar
java_class_path (initial): c:\Users\ANISH KUMAR\.vscode\extensions\vscjava.vscode-gradle-3.13.5\lib\gradle-language-server.jar
Launcher Type: SUN_STANDARD

[Global flags]
     intx CICompilerCount                          = 3                                         {product} {ergonomic}
     uint ConcGCThreads                            = 1                                         {product} {ergonomic}
     uint G1ConcRefinementThreads                  = 4                                         {product} {ergonomic}
   size_t G1HeapRegionSize                         = 1048576                                   {product} {ergonomic}
    uintx GCDrainStackTargetSize                   = 64                                        {product} {ergonomic}
   size_t InitialHeapSize                          = 130023424                                 {product} {ergonomic}
   size_t MarkStackSize                            = 4194304                                   {product} {ergonomic}
   size_t MaxHeapSize                              = 2065694720                                {product} {ergonomic}
   size_t MaxNewSize                               = 1239416832                                {product} {ergonomic}
   size_t MinHeapDeltaBytes                        = 1048576                                   {product} {ergonomic}
   size_t MinHeapSize                              = 8388608                                   {product} {ergonomic}
    uintx NonNMethodCodeHeapSize                   = 5832780                                {pd product} {ergonomic}
    uintx NonProfiledCodeHeapSize                  = 122912730                              {pd product} {ergonomic}
    uintx ProfiledCodeHeapSize                     = 122912730                              {pd product} {ergonomic}
    uintx ReservedCodeCacheSize                    = 251658240                              {pd product} {ergonomic}
     bool SegmentedCodeCache                       = true                                      {product} {ergonomic}
   size_t SoftMaxHeapSize                          = 2065694720                             {manageable} {ergonomic}
     bool UseCompressedClassPointers               = true                           {product lp64_product} {ergonomic}
     bool UseCompressedOops                        = true                           {product lp64_product} {ergonomic}
     bool UseG1GC                                  = true                                      {product} {ergonomic}
     bool UseLargePagesIndividualAllocation        = false                                  {pd product} {ergonomic}

Logging:
Log output configuration:
 #0: stdout all=warning uptime,level,tags
 #1: stderr all=off uptime,level,tags

Environment Variables:
JAVA_HOME=C:\Program Files\Java\vscode-java-master
PATH=C:\Program Files\Eclipse Adoptium\jdk-21.0.2.13-hotspot\bin;E:\oracle\product\10.2.0\db_3\bin;E:\oracle\product\10.2.0\db_2\bin;E:\oracle\product\10.2.0\db_1\bin;C:\Program Files (x86)\Common Files\Oracle\Java\javapath;C:\WINDOWS\system32;C:\WINDOWS;C:\WINDOWS\System32\Wbem;C:\WINDOWS\System32\WindowsPowerShell\v1.0\;C:\WINDOWS\System32\OpenSSH\;C:\Users\ANISH KUMAR\AppData\Local\Programs\Python\Python310;C:\Program Files\dotnet\;C:\Program Files\Java\vscode-java-master\bin;C:\apache-tomcat-10.0.23\bin;C:\apache-maven-3.8.6\bin;C:\Program Files\MySQL\MySQL Server 8.0\bin;C:\Program Files\Java;C:\Program Files\Git\cmd;C:\Program Files\nodejs\;C:\Program Files\MongoDB\Server\7.0\bin;C:\mongosh-2.1.1-win32-x64\bin;C:\ProgramData\chocolatey\bin;C:\Program Files\MySQL\MySQL Shell 8.0\bin\;C:\Users\ANISH KUMAR\AppData\Local\Programs\Python\Python39\Scripts\;C:\Users\ANISH KUMAR\AppData\Local\Programs\Python\Python39\;C:\Users\ANISH KUMAR\PycharmProjects\pythonProject3\akk.py;C:\Program Files\JetBrains\PyCharm Community Edition 2022.3.2\bin;;C:\python\Lib\site-packages;C:\Users\ANISH KUMAR\AppData\Local\Programs\Microsoft VS Code\bin;C:\Users\ANISH KUMAR\Desktop\prediction\venu\Scripts;C:\Users\ANISH KUMAR\AppData\Local\Microsoft\WindowsApps;C:\Program Files\JetBrains\IntelliJ IDEA Community Edition 2022.3.2\bin;;C:\Program Files (x86)\Java\jre1.8.0_251\bin;C:\Users\ANISH KUMAR\AppData\Local\Programs\Python\Python310\Scripts;C:\Users\ANISH KUMAR\AppData\Local\Programs\Python\Python310\Scripts;C:\Users\ANISH KUMAR\AppData\Roaming\npm;C:\Program Files\MongoDB\Server\7.0\bin;C:\mongosh-2.1.1-win32-x64\bin;C:\src\flutter\bin;C:\Users\ANISH KUMAR\AppData\Local\Android\Sdk;C:\Users\ANISH KUMAR\AppData\Local\Android\Sdk\platform-tools;
USERNAME=ANISH KUMAR
OS=Windows_NT
PROCESSOR_IDENTIFIER=Intel64 Family 6 Model 126 Stepping 5, GenuineIntel



---------------  S Y S T E M  ---------------

OS:
 Windows 10 , 64 bit Build 22621 (10.0.22621.3374)
OS uptime: 2 days 19:38 hours
Hyper-V role detected

CPU: total 4 (initial active 4) (2 cores per cpu, 2 threads per core) family 6 model 126 stepping 5 microcode 0xbc, cx8, cmov, fxsr, ht, mmx, 3dnowpref, sse, sse2, sse3, ssse3, sse4.1, sse4.2, popcnt, lzcnt, tsc, tscinvbit, avx, avx2, aes, erms, clmul, bmi1, bmi2, adx, avx512f, avx512dq, avx512cd, avx512bw, avx512vl, sha, fma, vzeroupper, avx512_vpopcntdq, avx512_vpclmulqdq, avx512_vaes, avx512_vnni, clflush, clflushopt, avx512_vmbi2, avx512_vmbi, hv

Memory: 4k page, system-wide physical 7879M (1146M free)
TotalPageFile size 26311M (AvailPageFile size 17288M)
current process WorkingSet (physical memory assigned to process): 12M, peak: 12M
current process commit charge ("private bytes"): 192M, peak: 192M

vm_info: Java HotSpot(TM) 64-Bit Server VM (16.0.2+7-67) for windows-amd64 JRE (16.0.2+7-67), built on Jun  8 2021 23:24:19 by "mach5one" with MS VC++ 16.7 (VS2019)

END.
