#
# A fatal error has been detected by the Java Runtime Environment:
#
#  EXCEPTION_ACCESS_VIOLATION (0xc0000005) at pc=0x00007fff578cc17e, pid=14720, tid=14948
#
# JRE version:  (16.0.2+7) (build )
# Java VM: Java HotSpot(TM) 64-Bit Server VM (16.0.2+7-67, mixed mode, sharing, tiered, compressed oops, compressed class ptrs, g1 gc, windows-amd64)
# Problematic frame:
# V  [jvm.dll+0x2bc17e]
#
# No core dump will be written. Minidumps are not enabled by default on client versions of Windows
#
#

---------------  S U M M A R Y ------------

Command Line: -Dfile.encoding=utf8 c:\Users\ANISH KUMAR\.vscode\extensions\vscjava.vscode-gradle-3.13.5\lib\gradle-language-server.jar

Host: Intel(R) Core(TM) i3-1005G1 CPU @ 1.20GHz, 4 cores, 7G,  Windows 10 , 64 bit Build 22621 (10.0.22621.3527)
Time: Wed May 22 15:05:42 2024 India Standard Time elapsed time: 0.545521 seconds (0d 0h 0m 0s)

---------------  T H R E A D  ---------------

Current thread (0x0000023e5ed767d0):  JavaThread "Unknown thread" [_thread_in_vm, id=14948, stack(0x000000d0d9700000,0x000000d0d9800000)]

Stack: [0x000000d0d9700000,0x000000d0d9800000],  sp=0x000000d0d97fecc0,  free space=1019k
Native frames: (J=compiled Java code, j=interpreted, Vv=VM code, C=native code)
V  [jvm.dll+0x2bc17e]
V  [jvm.dll+0x2bc5f1]
V  [jvm.dll+0x61462b]
V  [jvm.dll+0x614813]
V  [jvm.dll+0x613ffb]
V  [jvm.dll+0x60f2d4]
V  [jvm.dll+0x79c775]
V  [jvm.dll+0x360791]
V  [jvm.dll+0x77a3f0]
V  [jvm.dll+0x3e4e8f]
V  [jvm.dll+0x3e6961]
C  [jli.dll+0x52fb]
C  [ucrtbase.dll+0x29333]
C  [KERNEL32.DLL+0x1257d]
C  [ntdll.dll+0x5aa48]


siginfo: EXCEPTION_ACCESS_VIOLATION (0xc0000005), reading address 0x0000000000000000


Registers:
RAX=0x0000c5cb7db04907, RBX=0x0000000000000000, RCX=0x0000000000000000, RDX=0x00007fff57eef701
RSP=0x000000d0d97fecc0, RBP=0x0000000000000001, RSI=0x00000008008e20a0, RDI=0x0000000000000000
R8 =0x0000000000000001, R9 =0x0000000000000001, R10=0x0000023e74ac17e0, R11=0x0000000000000246
R12=0x00007fff57c22fd0, R13=0x0000023e5cbbd510, R14=0x0000000000000001, R15=0x0000000000000000
RIP=0x00007fff578cc17e, EFLAGS=0x0000000000010246

Top of Stack: (sp=0x000000d0d97fecc0)
0x000000d0d97fecc0:   0000000800410000 0000000040c00000
0x000000d0d97fecd0:   0000023e5cbbd510 00007fff57c22fd0
0x000000d0d97fece0:   00000000007a0000 0000000000c00000
0x000000d0d97fecf0:   0000000800000000 00007fff0000000c
0x000000d0d97fed00:   0000c5cb7db04987 0000000000000000
0x000000d0d97fed10:   0000c5cb7db04907 0000000800000000
0x000000d0d97fed20:   0000000000000000 00007fff578cc5f1
0x000000d0d97fed30:   0000000000000002 0000000000000000
0x000000d0d97fed40:   0000000000000000 0000023e5ee30180
0x000000d0d97fed50:   00000008008e2098 00007fff00000001
0x000000d0d97fed60:   000000d0d97fed70 0000000800000000
0x000000d0d97fed70:   0000000000000000 0000000000000000
0x000000d0d97fed80:   0000000000000000 0000000000000000
0x000000d0d97fed90:   ffffffff38202000 3a34323a33322000
0x000000d0d97feda0:   0000c5cb7db048f7 0000000000000000
0x000000d0d97fedb0:   0000023e5cbbd510 0000000000000000 

Instructions: (pc=0x00007fff578cc17e)
0x00007fff578cc07e:   cc e8 ac c2 f3 ff 49 83 7e 08 00 48 8b f8 75 2f
0x00007fff578cc08e:   8b 94 24 80 00 00 00 4d 8b c6 48 8b 4c 24 20 e8
0x00007fff578cc09e:   be 31 f2 ff 4c 63 84 24 80 00 00 00 48 8b d7 48
0x00007fff578cc0ae:   8b d8 48 8d 48 04 e8 ed 91 56 00 49 89 5f 20 48
0x00007fff578cc0be:   8b 9c 24 88 00 00 00 48 83 7d 00 00 74 15 48 8b
0x00007fff578cc0ce:   54 24 28 48 8b ce e8 47 26 df ff 48 8b cd e8 af
0x00007fff578cc0de:   25 df ff 48 89 5e 20 48 8b 5c 24 70 48 89 6e 10
0x00007fff578cc0ee:   4c 89 6e 18 48 83 c4 30 41 5f 41 5e 41 5d 41 5c
0x00007fff578cc0fe:   5f 5e 5d c3 41 c6 07 02 eb b5 cc cc cc cc cc cc
0x00007fff578cc10e:   cc cc 40 53 48 83 ec 20 48 8b d9 e8 42 b7 3a 00
0x00007fff578cc11e:   ff c8 48 63 c8 48 8b 43 28 48 03 c1 48 f7 d1 48
0x00007fff578cc12e:   23 c1 48 83 c4 20 5b c3 cc cc cc cc cc cc cc cc
0x00007fff578cc13e:   cc cc 48 89 5c 24 10 48 89 6c 24 18 48 89 74 24
0x00007fff578cc14e:   20 57 48 83 ec 60 48 8b 05 ad 4b 7e 00 48 33 c4
0x00007fff578cc15e:   48 89 44 24 50 80 3d 9f 66 7b 00 00 0f b6 ea 48
0x00007fff578cc16e:   8b f1 74 17 80 39 00 75 12 48 8b 0d 02 0c 81 00
0x00007fff578cc17e:   48 8b 01 ff 50 20 48 8b d8 eb 08 48 8b 59 18 48
0x00007fff578cc18e:   83 c3 04 48 83 3d e7 0c 81 00 00 40 b7 01 74 0f
0x00007fff578cc19e:   48 8b d3 48 8d 0d 98 31 62 00 e8 b3 29 f3 ff 48
0x00007fff578cc1ae:   8d 54 24 20 48 8b cb e8 b6 ab 3a 00 85 c0 74 19
0x00007fff578cc1be:   40 84 ed 74 14 48 8b d3 48 8d 0d 9b 31 62 00 e8
0x00007fff578cc1ce:   be d4 ff ff 40 32 ff eb 7a 80 3e 03 75 20 48 8b
0x00007fff578cc1de:   cb e8 8c 50 3a 00 84 c0 75 69 48 8b d3 48 8d 0d
0x00007fff578cc1ee:   a6 31 62 00 e8 99 d4 ff ff 40 32 ff eb 55 48 8b
0x00007fff578cc1fe:   56 08 4c 8b 44 24 40 48 85 d2 74 05 49 3b d0 75
0x00007fff578cc20e:   0b 48 63 44 24 34 48 39 46 10 74 37 40 32 ff 40
0x00007fff578cc21e:   38 3d 52 b8 81 00 74 1c 49 3b d0 48 8d 05 88 31
0x00007fff578cc22e:   62 00 48 8d 0d 99 31 62 00 48 0f 45 c8 e8 50 d4
0x00007fff578cc23e:   ff ff eb 0f 48 8b d3 48 8d 0d a4 31 62 00 e8 3f
0x00007fff578cc24e:   d4 ff ff 80 3d 1e b8 81 00 00 74 10 40 84 ff 75
0x00007fff578cc25e:   0b c6 05 5b f6 82 00 01 b0 01 eb 04 40 0f b6 c7
0x00007fff578cc26e:   48 8b 4c 24 50 48 33 cc e8 a5 7e 56 00 4c 8d 5c 



---------------  P R O C E S S  ---------------

Threads class SMR info:
_java_thread_list=0x00007fff5811cbb8, length=0, elements={
}

Java Threads: ( => current thread )

Other Threads:
  0x0000023e5edb5200 GCTaskThread "GC Thread#0" [stack: 0x000000d0d9900000,0x000000d0d9a00000] [id=14884]
  0x0000023e5edc5980 ConcurrentGCThread "G1 Main Marker" [stack: 0x000000d0d9a00000,0x000000d0d9b00000] [id=15036]
  0x0000023e5edc6470 ConcurrentGCThread "G1 Conc#0" [stack: 0x000000d0d9b00000,0x000000d0d9c00000] [id=15032]
  0x0000023e5ee2d6c0 ConcurrentGCThread "G1 Refine#0" [stack: 0x000000d0d9c00000,0x000000d0d9d00000] [id=15012]
  0x0000023e5ee310e0 ConcurrentGCThread "G1 Service" [stack: 0x000000d0d9d00000,0x000000d0d9e00000] [id=14932]

=>0x0000023e5ed767d0 (exited) JavaThread "Unknown thread" [_thread_in_vm, id=14948, stack(0x000000d0d9700000,0x000000d0d9800000)]

Threads with active compile tasks:

VM state: not at safepoint (not fully initialized)

VM Mutex/Monitor currently owned by a thread: None

Heap address: 0x0000000084e00000, size: 1970 MB, Compressed Oops mode: 32-bit

CDS archive(s) mapped at: [0x0000000000000000-0x0000000000000000-0x0000000000000000), size 0, SharedBaseAddress: 0x0000000800000000, ArchiveRelocationMode: 0.
Narrow klass base: 0x0000000000000000, Narrow klass shift: 0, Narrow klass range: 0x0

GC Precious Log:
 CPUs: 4 total, 4 available
 Memory: 7879M
 Large Page Support: Disabled
 NUMA Support: Disabled
 Compressed Oops: Enabled (32-bit)
 Heap Region Size: 1M
 Heap Min Capacity: 8M
 Heap Initial Capacity: 124M
 Heap Max Capacity: 1970M
 Pre-touch: Disabled
 Parallel Workers: 4
 Concurrent Workers: 1
 Concurrent Refinement Workers: 4
 Periodic GC: Disabled

Heap:
 garbage-first heap   total 126976K, used 0K [0x0000000084e00000, 0x0000000100000000)
  region size 1024K, 0 young (0K), 0 survivors (0K)

[error occurred during error reporting (printing heap information), id 0xc0000005, EXCEPTION_ACCESS_VIOLATION (0xc0000005) at pc=0x00007fff57cd1eed]

GC Heap History (0 events):
No events

Deoptimization events (0 events):
No events

Classes unloaded (0 events):
No events

Classes redefined (0 events):
No events

Internal exceptions (0 events):
No events

Events (2 events):
Event: 0.033 Loaded shared library c:\Program Files\jdk-16.0.2\bin\java.dll
Event: 0.034 Loaded shared library c:\Program Files\jdk-16.0.2\bin\zip.dll


Dynamic libraries:
0x00007ff753690000 - 0x00007ff7536a0000 	c:\Program Files\jdk-16.0.2\bin\java.exe
0x00007fffb74d0000 - 0x00007fffb76e7000 	C:\WINDOWS\SYSTEM32\ntdll.dll
0x00007fff9d0a0000 - 0x00007fff9d0b9000 	C:\Program Files\AVG\Antivirus\aswhook.dll
0x00007fffb5b90000 - 0x00007fffb5c54000 	C:\WINDOWS\System32\KERNEL32.DLL
0x00007fffb4c90000 - 0x00007fffb5037000 	C:\WINDOWS\System32\KERNELBASE.dll
0x00007fffb5040000 - 0x00007fffb5151000 	C:\WINDOWS\System32\ucrtbase.dll
0x00007fff798e0000 - 0x00007fff798f8000 	c:\Program Files\jdk-16.0.2\bin\jli.dll
0x00007fffb6c90000 - 0x00007fffb6d42000 	C:\WINDOWS\System32\ADVAPI32.dll
0x00007fffb6da0000 - 0x00007fffb6e47000 	C:\WINDOWS\System32\msvcrt.dll
0x00007fffb6a20000 - 0x00007fffb6ac8000 	C:\WINDOWS\System32\sechost.dll
0x00007fffb51d0000 - 0x00007fffb51f8000 	C:\WINDOWS\System32\bcrypt.dll
0x00007fffb5990000 - 0x00007fffb5aa5000 	C:\WINDOWS\System32\RPCRT4.dll
0x00007fffb6f50000 - 0x00007fffb70fe000 	C:\WINDOWS\System32\USER32.dll
0x00007fffb4910000 - 0x00007fffb4936000 	C:\WINDOWS\System32\win32u.dll
0x00007fffb72c0000 - 0x00007fffb72e9000 	C:\WINDOWS\System32\GDI32.dll
0x00007fffb47f0000 - 0x00007fffb4909000 	C:\WINDOWS\System32\gdi32full.dll
0x00007fffb4b30000 - 0x00007fffb4bca000 	C:\WINDOWS\System32\msvcp_win.dll
0x00007fff780c0000 - 0x00007fff780d9000 	c:\Program Files\jdk-16.0.2\bin\VCRUNTIME140.dll
0x00007fff921d0000 - 0x00007fff92463000 	C:\WINDOWS\WinSxS\amd64_microsoft.windows.common-controls_6595b64144ccf1df_6.0.22621.3527_none_270e469b73872a76\COMCTL32.dll
0x00007fffad1f0000 - 0x00007fffad1fa000 	C:\WINDOWS\SYSTEM32\VERSION.dll
0x00007fffb5290000 - 0x00007fffb52c1000 	C:\WINDOWS\System32\IMM32.DLL
0x00007fffae190000 - 0x00007fffae19c000 	c:\Program Files\jdk-16.0.2\bin\vcruntime140_1.dll
0x00007fff581c0000 - 0x00007fff58251000 	c:\Program Files\jdk-16.0.2\bin\msvcp140.dll
0x00007fff57610000 - 0x00007fff581bb000 	c:\Program Files\jdk-16.0.2\bin\server\jvm.dll
0x00007fffb5ab0000 - 0x00007fffb5ab8000 	C:\WINDOWS\System32\PSAPI.DLL
0x00007fff9dea0000 - 0x00007fff9dea9000 	C:\WINDOWS\SYSTEM32\WSOCK32.dll
0x00007fffb5910000 - 0x00007fffb5981000 	C:\WINDOWS\System32\WS2_32.dll
0x00007fffad2d0000 - 0x00007fffad304000 	C:\WINDOWS\SYSTEM32\WINMM.dll
0x00007fffb38c0000 - 0x00007fffb38d8000 	C:\WINDOWS\SYSTEM32\kernel.appcore.dll
0x00007fffad460000 - 0x00007fffad46a000 	c:\Program Files\jdk-16.0.2\bin\jimage.dll
0x00007fffb20d0000 - 0x00007fffb2302000 	C:\WINDOWS\SYSTEM32\DBGHELP.DLL
0x00007fffb6630000 - 0x00007fffb69b8000 	C:\WINDOWS\System32\combase.dll
0x00007fffb53b0000 - 0x00007fffb5487000 	C:\WINDOWS\System32\OLEAUT32.dll
0x00007fffaae90000 - 0x00007fffaaec2000 	C:\WINDOWS\SYSTEM32\dbgcore.DLL
0x00007fffb4940000 - 0x00007fffb49b9000 	C:\WINDOWS\System32\bcryptPrimitives.dll
0x00007fff5f030000 - 0x00007fff5f055000 	c:\Program Files\jdk-16.0.2\bin\java.dll
0x00007fff68080000 - 0x00007fff68098000 	c:\Program Files\jdk-16.0.2\bin\zip.dll

dbghelp: loaded successfully - version: 4.0.5 - missing functions: none
symbol engine: initialized successfully - sym options: 0x614 - pdb path: .;c:\Program Files\jdk-16.0.2\bin;C:\WINDOWS\SYSTEM32;C:\Program Files\AVG\Antivirus;C:\WINDOWS\WinSxS\amd64_microsoft.windows.common-controls_6595b64144ccf1df_6.0.22621.3527_none_270e469b73872a76;c:\Program Files\jdk-16.0.2\bin\server

VM Arguments:
jvm_args: -Dfile.encoding=utf8 
java_command: c:\Users\ANISH KUMAR\.vscode\extensions\vscjava.vscode-gradle-3.13.5\lib\gradle-language-server.jar
java_class_path (initial): c:\Users\ANISH KUMAR\.vscode\extensions\vscjava.vscode-gradle-3.13.5\lib\gradle-language-server.jar
Launcher Type: SUN_STANDARD

[Global flags]
     intx CICompilerCount                          = 3                                         {product} {ergonomic}
     uint ConcGCThreads                            = 1                                         {product} {ergonomic}
     uint G1ConcRefinementThreads                  = 4                                         {product} {ergonomic}
   size_t G1HeapRegionSize                         = 1048576                                   {product} {ergonomic}
    uintx GCDrainStackTargetSize                   = 64                                        {product} {ergonomic}
   size_t InitialHeapSize                          = 130023424                                 {product} {ergonomic}
   size_t MarkStackSize                            = 4194304                                   {product} {ergonomic}
   size_t MaxHeapSize                              = 2065694720                                {product} {ergonomic}
   size_t MaxNewSize                               = 1239416832                                {product} {ergonomic}
   size_t MinHeapDeltaBytes                        = 1048576                                   {product} {ergonomic}
   size_t MinHeapSize                              = 8388608                                   {product} {ergonomic}
    uintx NonNMethodCodeHeapSize                   = 5832780                                {pd product} {ergonomic}
    uintx NonProfiledCodeHeapSize                  = 122912730                              {pd product} {ergonomic}
    uintx ProfiledCodeHeapSize                     = 122912730                              {pd product} {ergonomic}
    uintx ReservedCodeCacheSize                    = 251658240                              {pd product} {ergonomic}
     bool SegmentedCodeCache                       = true                                      {product} {ergonomic}
   size_t SoftMaxHeapSize                          = 2065694720                             {manageable} {ergonomic}
     bool UseCompressedClassPointers               = true                           {product lp64_product} {ergonomic}
     bool UseCompressedOops                        = true                           {product lp64_product} {ergonomic}
     bool UseG1GC                                  = true                                      {product} {ergonomic}
     bool UseLargePagesIndividualAllocation        = false                                  {pd product} {ergonomic}

Logging:
Log output configuration:
 #0: stdout all=warning uptime,level,tags
 #1: stderr all=off uptime,level,tags

Environment Variables:
JAVA_HOME=C:\Program Files\Java\vscode-java-master
PATH=C:\Program Files\Eclipse Adoptium\jdk-21.0.2.13-hotspot\bin;E:\oracle\product\10.2.0\db_3\bin;E:\oracle\product\10.2.0\db_2\bin;E:\oracle\product\10.2.0\db_1\bin;C:\Program Files (x86)\Common Files\Oracle\Java\javapath;C:\WINDOWS\system32;C:\WINDOWS;C:\WINDOWS\System32\Wbem;C:\WINDOWS\System32\WindowsPowerShell\v1.0\;C:\WINDOWS\System32\OpenSSH\;C:\Users\ANISH KUMAR\AppData\Local\Programs\Python\Python310;C:\Program Files\dotnet\;C:\Program Files\Java\vscode-java-master\bin;C:\apache-tomcat-10.0.23\bin;C:\apache-maven-3.8.6\bin;C:\Program Files\MySQL\MySQL Server 8.0\bin;C:\Program Files\Java;C:\Program Files\Git\cmd;C:\Program Files\nodejs\;C:\Program Files\MongoDB\Server\7.0\bin;C:\mongosh-2.1.1-win32-x64\bin;C:\ProgramData\chocolatey\bin;C:\Program Files\MySQL\MySQL Shell 8.0\bin\;C:\Users\ANISH KUMAR\AppData\Local\Programs\Python\Python39\Scripts\;C:\Users\ANISH KUMAR\AppData\Local\Programs\Python\Python39\;C:\Users\ANISH KUMAR\PycharmProjects\pythonProject3\akk.py;C:\Program Files\JetBrains\PyCharm Community Edition 2022.3.2\bin;;C:\python\Lib\site-packages;C:\Users\ANISH KUMAR\AppData\Local\Programs\Microsoft VS Code\bin;C:\Users\ANISH KUMAR\Desktop\prediction\venu\Scripts;C:\Users\ANISH KUMAR\AppData\Local\Microsoft\WindowsApps;C:\Program Files\JetBrains\IntelliJ IDEA Community Edition 2022.3.2\bin;;C:\Program Files (x86)\Java\jre1.8.0_251\bin;C:\Users\ANISH KUMAR\AppData\Local\Programs\Python\Python310\Scripts;C:\Users\ANISH KUMAR\AppData\Local\Programs\Python\Python310\Scripts;C:\Users\ANISH KUMAR\AppData\Roaming\npm;C:\Program Files\MongoDB\Server\7.0\bin;C:\mongosh-2.1.1-win32-x64\bin;C:\src\flutter\bin;C:\Users\ANISH KUMAR\AppData\Local\Android\Sdk;C:\Users\ANISH KUMAR\AppData\Local\Android\Sdk\platform-tools;
USERNAME=ANISH KUMAR
OS=Windows_NT
PROCESSOR_IDENTIFIER=Intel64 Family 6 Model 126 Stepping 5, GenuineIntel



---------------  S Y S T E M  ---------------

OS:
 Windows 10 , 64 bit Build 22621 (10.0.22621.3527)
OS uptime: 0 days 0:03 hours
Hyper-V role detected

CPU: total 4 (initial active 4) (2 cores per cpu, 2 threads per core) family 6 model 126 stepping 5 microcode 0xbc, cx8, cmov, fxsr, ht, mmx, 3dnowpref, sse, sse2, sse3, ssse3, sse4.1, sse4.2, popcnt, lzcnt, tsc, tscinvbit, avx, avx2, aes, erms, clmul, bmi1, bmi2, adx, avx512f, avx512dq, avx512cd, avx512bw, avx512vl, sha, fma, vzeroupper, avx512_vpopcntdq, avx512_vpclmulqdq, avx512_vaes, avx512_vnni, clflush, clflushopt, avx512_vmbi2, avx512_vmbi, hv

Memory: 4k page, system-wide physical 7879M (1917M free)
TotalPageFile size 28359M (AvailPageFile size 21300M)
current process WorkingSet (physical memory assigned to process): 12M, peak: 12M
current process commit charge ("private bytes"): 192M, peak: 192M

vm_info: Java HotSpot(TM) 64-Bit Server VM (16.0.2+7-67) for windows-amd64 JRE (16.0.2+7-67), built on Jun  8 2021 23:24:19 by "mach5one" with MS VC++ 16.7 (VS2019)

END.
