#
# There is insufficient memory for the Java Runtime Environment to continue.
# Native memory allocation (mmap) failed to map 65536 bytes for Failed to commit metaspace.
# Possible reasons:
#   The system is out of physical RAM or swap space
#   The process is running with CompressedOops enabled, and the Java Heap may be blocking the growth of the native heap
# Possible solutions:
#   Reduce memory load on the system
#   Increase physical memory or swap space
#   Check if swap backing store is full
#   Decrease Java heap size (-Xmx/-Xms)
#   Decrease number of Java threads
#   Decrease Java thread stack sizes (-Xss)
#   Set larger code cache with -XX:ReservedCodeCacheSize=
#   JVM is running with Unscaled Compressed Oops mode in which the Java heap is
#     placed in the first 4GB address space. The Java Heap base address is the
#     maximum limit for the native heap growth. Please use -XX:HeapBaseMinAddress
#     to set the Java Heap base and to place the Java Heap above 4GB virtual address.
# This output file may be truncated or incomplete.
#
#  Out of Memory Error (virtualSpaceNode.cpp:110), pid=19060, tid=17756
#
# JRE version: OpenJDK Runtime Environment (17.0.9) (build 17.0.9+0--11185874)
# Java VM: OpenJDK 64-Bit Server VM (17.0.9+0--11185874, mixed mode, tiered, compressed oops, compressed class ptrs, g1 gc, windows-amd64)
# No core dump will be written. Minidumps are not enabled by default on client versions of Windows
#

---------------  S U M M A R Y ------------

Command Line: -Dorg.gradle.appname=gradlew org.gradle.wrapper.GradleWrapperMain -q -Ptarget-platform=android-x86 -Ptarget=D:\OUTDID\Git\outdid\EV_APPLICATION\lib\main.dart -Pbase-application-name=android.app.Application -Pdart-defines=RkxVVFRFUl9XRUJfQVVUT19ERVRFQ1Q9dHJ1ZQ==,RkxVVFRFUl9XRUJfQ0FOVkFTS0lUX1VSTD1odHRwczovL3d3dy5nc3RhdGljLmNvbS9mbHV0dGVyLWNhbnZhc2tpdC9lNzZjOTU2NDk4ODQxZTFhYjQ1ODU3N2QzODkyMDAzZTU1M2U0ZjNjLw== -Pdart-obfuscation=false -Ptrack-widget-creation=true -Ptree-shake-icons=false -Pfilesystem-scheme=org-dartlang-root assembleDebug

Host: Intel(R) Core(TM) i3-1005G1 CPU @ 1.20GHz, 4 cores, 7G,  Windows 11 , 64 bit Build 22621 (10.0.22621.3374)
Time: Wed May 22 12:31:01 2024 India Standard Time elapsed time: 7.941927 seconds (0d 0h 0m 7s)

---------------  T H R E A D  ---------------

Current thread (0x0000026c8fdb8700):  JavaThread "main" [_thread_in_vm, id=17756, stack(0x000000b58ac00000,0x000000b58ad00000)]

Stack: [0x000000b58ac00000,0x000000b58ad00000]
Native frames: (J=compiled Java code, j=interpreted, Vv=VM code, C=native code)
V  [jvm.dll+0x6886e9]
V  [jvm.dll+0x841e4a]
V  [jvm.dll+0x843a8e]
V  [jvm.dll+0x8440f3]
V  [jvm.dll+0x24c14f]
V  [jvm.dll+0x83ce2b]
V  [jvm.dll+0x62cae6]
V  [jvm.dll+0x62cb4a]
V  [jvm.dll+0x62f37a]
V  [jvm.dll+0x62d486]
V  [jvm.dll+0x241220]
V  [jvm.dll+0x1efbab]
V  [jvm.dll+0x1e54cc]
V  [jvm.dll+0x54e1bc]
V  [jvm.dll+0x1f607b]
V  [jvm.dll+0x7ba54b]
V  [jvm.dll+0x7bb9bc]
V  [jvm.dll+0x41d915]
C  [java.dll+0x1a55]

Java frames: (J=compiled Java code, j=interpreted, Vv=VM code)
j  java.lang.ClassLoader.findBootstrapClass(Ljava/lang/String;)Ljava/lang/Class;+0 java.base@17.0.9
j  java.lang.ClassLoader.findBootstrapClassOrNull(Ljava/lang/String;)Ljava/lang/Class;+10 java.base@17.0.9
j  java.lang.System$2.findBootstrapClassOrNull(Ljava/lang/String;)Ljava/lang/Class;+1 java.base@17.0.9
j  jdk.internal.loader.ClassLoaders$BootClassLoader.loadClassOrNull(Ljava/lang/String;Z)Ljava/lang/Class;+4 java.base@17.0.9
j  jdk.internal.loader.BuiltinClassLoader.loadClassOrNull(Ljava/lang/String;)Ljava/lang/Class;+3 java.base@17.0.9
j  jdk.internal.loader.BuiltinClassLoader.loadClassOrNull(Ljava/lang/String;Z)Ljava/lang/Class;+66 java.base@17.0.9
j  jdk.internal.loader.BuiltinClassLoader.loadClass(Ljava/lang/String;Z)Ljava/lang/Class;+3 java.base@17.0.9
j  jdk.internal.loader.ClassLoaders$AppClassLoader.loadClass(Ljava/lang/String;Z)Ljava/lang/Class;+36 java.base@17.0.9
j  java.lang.ClassLoader.loadClass(Ljava/lang/String;)Ljava/lang/Class;+3 java.base@17.0.9
v  ~StubRoutines::call_stub
j  org.gradle.wrapper.PathAssembler.getHash(Ljava/lang/String;)Ljava/lang/String;+16
j  org.gradle.wrapper.PathAssembler.rootDirName(Ljava/lang/String;Lorg/gradle/wrapper/WrapperConfiguration;)Ljava/lang/String;+8
j  org.gradle.wrapper.PathAssembler.getDistribution(Lorg/gradle/wrapper/WrapperConfiguration;)Lorg/gradle/wrapper/PathAssembler$LocalDistribution;+18
j  org.gradle.wrapper.Install.createDist(Lorg/gradle/wrapper/WrapperConfiguration;)Ljava/io/File;+15
j  org.gradle.wrapper.WrapperExecutor.execute([Ljava/lang/String;Lorg/gradle/wrapper/Install;Lorg/gradle/wrapper/BootstrapMainStarter;)V+5
j  org.gradle.wrapper.GradleWrapperMain.main([Ljava/lang/String;)V+190
v  ~StubRoutines::call_stub

---------------  P R O C E S S  ---------------

Threads class SMR info:
_java_thread_list=0x0000026ca93a2110, length=12, elements={
0x0000026c8fdb8700, 0x0000026ca9235270, 0x0000026ca9235b40, 0x0000026ca90eb060,
0x0000026ca90eb930, 0x0000026ca90ec200, 0x0000026ca90eeae0, 0x0000026ca925fcc0,
0x0000026ca9260680, 0x0000026ca92dc680, 0x0000026ca93c8270, 0x0000026ca93de010
}

Java Threads: ( => current thread )
=>0x0000026c8fdb8700 JavaThread "main" [_thread_in_vm, id=17756, stack(0x000000b58ac00000,0x000000b58ad00000)]
  0x0000026ca9235270 JavaThread "Reference Handler" daemon [_thread_blocked, id=19212, stack(0x000000b58b400000,0x000000b58b500000)]
  0x0000026ca9235b40 JavaThread "Finalizer" daemon [_thread_blocked, id=14348, stack(0x000000b58b500000,0x000000b58b600000)]
  0x0000026ca90eb060 JavaThread "Signal Dispatcher" daemon [_thread_blocked, id=4504, stack(0x000000b58b600000,0x000000b58b700000)]
  0x0000026ca90eb930 JavaThread "Attach Listener" daemon [_thread_blocked, id=12576, stack(0x000000b58b700000,0x000000b58b800000)]
  0x0000026ca90ec200 JavaThread "Service Thread" daemon [_thread_blocked, id=7716, stack(0x000000b58b800000,0x000000b58b900000)]
  0x0000026ca90eeae0 JavaThread "Monitor Deflation Thread" daemon [_thread_blocked, id=12016, stack(0x000000b58b900000,0x000000b58ba00000)]
  0x0000026ca925fcc0 JavaThread "C2 CompilerThread0" daemon [_thread_blocked, id=13016, stack(0x000000b58ba00000,0x000000b58bb00000)]
  0x0000026ca9260680 JavaThread "C1 CompilerThread0" daemon [_thread_blocked, id=9640, stack(0x000000b58bb00000,0x000000b58bc00000)]
  0x0000026ca92dc680 JavaThread "Sweeper thread" daemon [_thread_blocked, id=8, stack(0x000000b58bc00000,0x000000b58bd00000)]
  0x0000026ca93c8270 JavaThread "Notification Thread" daemon [_thread_blocked, id=692, stack(0x000000b58bd00000,0x000000b58be00000)]
  0x0000026ca93de010 JavaThread "Common-Cleaner" daemon [_thread_blocked, id=8096, stack(0x000000b58bf00000,0x000000b58c000000)]

Other Threads:
  0x0000026ca907e470 VMThread "VM Thread" [stack: 0x000000b58b300000,0x000000b58b400000] [id=20388] _threads_hazard_ptr=0x0000026ca93a2110
  0x0000026ca93c8750 WatcherThread [stack: 0x000000b58be00000,0x000000b58bf00000] [id=8504]
  0x0000026c8fe10ca0 GCTaskThread "GC Thread#0" [stack: 0x000000b58ae00000,0x000000b58af00000] [id=5632]
  0x0000026c8fe21140 ConcurrentGCThread "G1 Main Marker" [stack: 0x000000b58af00000,0x000000b58b000000] [id=7144]
  0x0000026c8fe21a70 ConcurrentGCThread "G1 Conc#0" [stack: 0x000000b58b000000,0x000000b58b100000] [id=3992]
  0x0000026ca8f180e0 ConcurrentGCThread "G1 Refine#0" [stack: 0x000000b58b100000,0x000000b58b200000] [id=9060]
  0x0000026ca8f1a7d0 ConcurrentGCThread "G1 Service" [stack: 0x000000b58b200000,0x000000b58b300000] [id=20448]

Threads with active compile tasks:

VM state: synchronizing (normal execution)

VM Mutex/Monitor currently owned by a thread:  ([mutex/lock_event])
[0x0000026c8fdb3f60] Metaspace_lock - owner thread: 0x0000026c8fdb8700
[0x0000026c8fdb3ff0] Threads_lock - owner thread: 0x0000026ca907e470

Heap address: 0x0000000084e00000, size: 1970 MB, Compressed Oops mode: 32-bit

CDS archive(s) not mapped
Compressed class space mapped at: 0x0000000100000000-0x0000000140000000, reserved size: 1073741824
Narrow klass base: 0x0000000000000000, Narrow klass shift: 3, Narrow klass range: 0x140000000

GC Precious Log:
 CPUs: 4 total, 4 available
 Memory: 7879M
 Large Page Support: Disabled
 NUMA Support: Disabled
 Compressed Oops: Enabled (32-bit)
 Heap Region Size: 1M
 Heap Min Capacity: 8M
 Heap Initial Capacity: 124M
 Heap Max Capacity: 1970M
 Pre-touch: Disabled
 Parallel Workers: 4
 Concurrent Workers: 1
 Concurrent Refinement Workers: 4
 Periodic GC: Disabled

Heap:
 garbage-first heap   total 126976K, used 2048K [0x0000000084e00000, 0x0000000100000000)
  region size 1024K, 3 young (3072K), 0 survivors (0K)
 Metaspace       used 7063K, committed 7168K, reserved 1114112K
  class space    used 616K, committed 704K, reserved 1048576K

Heap Regions: E=young(eden), S=young(survivor), O=old, HS=humongous(starts), HC=humongous(continues), CS=collection set, F=free, OA=open archive, CA=closed archive, TAMS=top-at-mark-start (previous, next)
|   0|0x0000000084e00000, 0x0000000084e00000, 0x0000000084f00000|  0%| F|  |TAMS 0x0000000084e00000, 0x0000000084e00000| Untracked 
|   1|0x0000000084f00000, 0x0000000084f00000, 0x0000000085000000|  0%| F|  |TAMS 0x0000000084f00000, 0x0000000084f00000| Untracked 
|   2|0x0000000085000000, 0x0000000085000000, 0x0000000085100000|  0%| F|  |TAMS 0x0000000085000000, 0x0000000085000000| Untracked 
|   3|0x0000000085100000, 0x0000000085100000, 0x0000000085200000|  0%| F|  |TAMS 0x0000000085100000, 0x0000000085100000| Untracked 
|   4|0x0000000085200000, 0x0000000085200000, 0x0000000085300000|  0%| F|  |TAMS 0x0000000085200000, 0x0000000085200000| Untracked 
|   5|0x0000000085300000, 0x0000000085300000, 0x0000000085400000|  0%| F|  |TAMS 0x0000000085300000, 0x0000000085300000| Untracked 
|   6|0x0000000085400000, 0x0000000085400000, 0x0000000085500000|  0%| F|  |TAMS 0x0000000085400000, 0x0000000085400000| Untracked 
|   7|0x0000000085500000, 0x0000000085500000, 0x0000000085600000|  0%| F|  |TAMS 0x0000000085500000, 0x0000000085500000| Untracked 
|   8|0x0000000085600000, 0x0000000085600000, 0x0000000085700000|  0%| F|  |TAMS 0x0000000085600000, 0x0000000085600000| Untracked 
|   9|0x0000000085700000, 0x0000000085700000, 0x0000000085800000|  0%| F|  |TAMS 0x0000000085700000, 0x0000000085700000| Untracked 
|  10|0x0000000085800000, 0x0000000085800000, 0x0000000085900000|  0%| F|  |TAMS 0x0000000085800000, 0x0000000085800000| Untracked 
|  11|0x0000000085900000, 0x0000000085900000, 0x0000000085a00000|  0%| F|  |TAMS 0x0000000085900000, 0x0000000085900000| Untracked 
|  12|0x0000000085a00000, 0x0000000085a00000, 0x0000000085b00000|  0%| F|  |TAMS 0x0000000085a00000, 0x0000000085a00000| Untracked 
|  13|0x0000000085b00000, 0x0000000085b00000, 0x0000000085c00000|  0%| F|  |TAMS 0x0000000085b00000, 0x0000000085b00000| Untracked 
|  14|0x0000000085c00000, 0x0000000085c00000, 0x0000000085d00000|  0%| F|  |TAMS 0x0000000085c00000, 0x0000000085c00000| Untracked 
|  15|0x0000000085d00000, 0x0000000085d00000, 0x0000000085e00000|  0%| F|  |TAMS 0x0000000085d00000, 0x0000000085d00000| Untracked 
|  16|0x0000000085e00000, 0x0000000085e00000, 0x0000000085f00000|  0%| F|  |TAMS 0x0000000085e00000, 0x0000000085e00000| Untracked 
|  17|0x0000000085f00000, 0x0000000085f00000, 0x0000000086000000|  0%| F|  |TAMS 0x0000000085f00000, 0x0000000085f00000| Untracked 
|  18|0x0000000086000000, 0x0000000086000000, 0x0000000086100000|  0%| F|  |TAMS 0x0000000086000000, 0x0000000086000000| Untracked 
|  19|0x0000000086100000, 0x0000000086100000, 0x0000000086200000|  0%| F|  |TAMS 0x0000000086100000, 0x0000000086100000| Untracked 
|  20|0x0000000086200000, 0x0000000086200000, 0x0000000086300000|  0%| F|  |TAMS 0x0000000086200000, 0x0000000086200000| Untracked 
|  21|0x0000000086300000, 0x0000000086300000, 0x0000000086400000|  0%| F|  |TAMS 0x0000000086300000, 0x0000000086300000| Untracked 
|  22|0x0000000086400000, 0x0000000086400000, 0x0000000086500000|  0%| F|  |TAMS 0x0000000086400000, 0x0000000086400000| Untracked 
|  23|0x0000000086500000, 0x0000000086500000, 0x0000000086600000|  0%| F|  |TAMS 0x0000000086500000, 0x0000000086500000| Untracked 
|  24|0x0000000086600000, 0x0000000086600000, 0x0000000086700000|  0%| F|  |TAMS 0x0000000086600000, 0x0000000086600000| Untracked 
|  25|0x0000000086700000, 0x0000000086700000, 0x0000000086800000|  0%| F|  |TAMS 0x0000000086700000, 0x0000000086700000| Untracked 
|  26|0x0000000086800000, 0x0000000086800000, 0x0000000086900000|  0%| F|  |TAMS 0x0000000086800000, 0x0000000086800000| Untracked 
|  27|0x0000000086900000, 0x0000000086900000, 0x0000000086a00000|  0%| F|  |TAMS 0x0000000086900000, 0x0000000086900000| Untracked 
|  28|0x0000000086a00000, 0x0000000086a00000, 0x0000000086b00000|  0%| F|  |TAMS 0x0000000086a00000, 0x0000000086a00000| Untracked 
|  29|0x0000000086b00000, 0x0000000086b00000, 0x0000000086c00000|  0%| F|  |TAMS 0x0000000086b00000, 0x0000000086b00000| Untracked 
|  30|0x0000000086c00000, 0x0000000086c00000, 0x0000000086d00000|  0%| F|  |TAMS 0x0000000086c00000, 0x0000000086c00000| Untracked 
|  31|0x0000000086d00000, 0x0000000086d00000, 0x0000000086e00000|  0%| F|  |TAMS 0x0000000086d00000, 0x0000000086d00000| Untracked 
|  32|0x0000000086e00000, 0x0000000086e00000, 0x0000000086f00000|  0%| F|  |TAMS 0x0000000086e00000, 0x0000000086e00000| Untracked 
|  33|0x0000000086f00000, 0x0000000086f00000, 0x0000000087000000|  0%| F|  |TAMS 0x0000000086f00000, 0x0000000086f00000| Untracked 
|  34|0x0000000087000000, 0x0000000087000000, 0x0000000087100000|  0%| F|  |TAMS 0x0000000087000000, 0x0000000087000000| Untracked 
|  35|0x0000000087100000, 0x0000000087100000, 0x0000000087200000|  0%| F|  |TAMS 0x0000000087100000, 0x0000000087100000| Untracked 
|  36|0x0000000087200000, 0x0000000087200000, 0x0000000087300000|  0%| F|  |TAMS 0x0000000087200000, 0x0000000087200000| Untracked 
|  37|0x0000000087300000, 0x0000000087300000, 0x0000000087400000|  0%| F|  |TAMS 0x0000000087300000, 0x0000000087300000| Untracked 
|  38|0x0000000087400000, 0x0000000087400000, 0x0000000087500000|  0%| F|  |TAMS 0x0000000087400000, 0x0000000087400000| Untracked 
|  39|0x0000000087500000, 0x0000000087500000, 0x0000000087600000|  0%| F|  |TAMS 0x0000000087500000, 0x0000000087500000| Untracked 
|  40|0x0000000087600000, 0x0000000087600000, 0x0000000087700000|  0%| F|  |TAMS 0x0000000087600000, 0x0000000087600000| Untracked 
|  41|0x0000000087700000, 0x0000000087700000, 0x0000000087800000|  0%| F|  |TAMS 0x0000000087700000, 0x0000000087700000| Untracked 
|  42|0x0000000087800000, 0x0000000087800000, 0x0000000087900000|  0%| F|  |TAMS 0x0000000087800000, 0x0000000087800000| Untracked 
|  43|0x0000000087900000, 0x0000000087900000, 0x0000000087a00000|  0%| F|  |TAMS 0x0000000087900000, 0x0000000087900000| Untracked 
|  44|0x0000000087a00000, 0x0000000087a00000, 0x0000000087b00000|  0%| F|  |TAMS 0x0000000087a00000, 0x0000000087a00000| Untracked 
|  45|0x0000000087b00000, 0x0000000087b00000, 0x0000000087c00000|  0%| F|  |TAMS 0x0000000087b00000, 0x0000000087b00000| Untracked 
|  46|0x0000000087c00000, 0x0000000087c00000, 0x0000000087d00000|  0%| F|  |TAMS 0x0000000087c00000, 0x0000000087c00000| Untracked 
|  47|0x0000000087d00000, 0x0000000087d00000, 0x0000000087e00000|  0%| F|  |TAMS 0x0000000087d00000, 0x0000000087d00000| Untracked 
|  48|0x0000000087e00000, 0x0000000087e00000, 0x0000000087f00000|  0%| F|  |TAMS 0x0000000087e00000, 0x0000000087e00000| Untracked 
|  49|0x0000000087f00000, 0x0000000087f00000, 0x0000000088000000|  0%| F|  |TAMS 0x0000000087f00000, 0x0000000087f00000| Untracked 
|  50|0x0000000088000000, 0x0000000088000000, 0x0000000088100000|  0%| F|  |TAMS 0x0000000088000000, 0x0000000088000000| Untracked 
|  51|0x0000000088100000, 0x0000000088100000, 0x0000000088200000|  0%| F|  |TAMS 0x0000000088100000, 0x0000000088100000| Untracked 
|  52|0x0000000088200000, 0x0000000088200000, 0x0000000088300000|  0%| F|  |TAMS 0x0000000088200000, 0x0000000088200000| Untracked 
|  53|0x0000000088300000, 0x0000000088300000, 0x0000000088400000|  0%| F|  |TAMS 0x0000000088300000, 0x0000000088300000| Untracked 
|  54|0x0000000088400000, 0x0000000088400000, 0x0000000088500000|  0%| F|  |TAMS 0x0000000088400000, 0x0000000088400000| Untracked 
|  55|0x0000000088500000, 0x0000000088500000, 0x0000000088600000|  0%| F|  |TAMS 0x0000000088500000, 0x0000000088500000| Untracked 
|  56|0x0000000088600000, 0x0000000088600000, 0x0000000088700000|  0%| F|  |TAMS 0x0000000088600000, 0x0000000088600000| Untracked 
|  57|0x0000000088700000, 0x0000000088700000, 0x0000000088800000|  0%| F|  |TAMS 0x0000000088700000, 0x0000000088700000| Untracked 
|  58|0x0000000088800000, 0x0000000088800000, 0x0000000088900000|  0%| F|  |TAMS 0x0000000088800000, 0x0000000088800000| Untracked 
|  59|0x0000000088900000, 0x0000000088900000, 0x0000000088a00000|  0%| F|  |TAMS 0x0000000088900000, 0x0000000088900000| Untracked 
|  60|0x0000000088a00000, 0x0000000088a00000, 0x0000000088b00000|  0%| F|  |TAMS 0x0000000088a00000, 0x0000000088a00000| Untracked 
|  61|0x0000000088b00000, 0x0000000088b00000, 0x0000000088c00000|  0%| F|  |TAMS 0x0000000088b00000, 0x0000000088b00000| Untracked 
|  62|0x0000000088c00000, 0x0000000088c00000, 0x0000000088d00000|  0%| F|  |TAMS 0x0000000088c00000, 0x0000000088c00000| Untracked 
|  63|0x0000000088d00000, 0x0000000088d00000, 0x0000000088e00000|  0%| F|  |TAMS 0x0000000088d00000, 0x0000000088d00000| Untracked 
|  64|0x0000000088e00000, 0x0000000088e00000, 0x0000000088f00000|  0%| F|  |TAMS 0x0000000088e00000, 0x0000000088e00000| Untracked 
|  65|0x0000000088f00000, 0x0000000088f00000, 0x0000000089000000|  0%| F|  |TAMS 0x0000000088f00000, 0x0000000088f00000| Untracked 
|  66|0x0000000089000000, 0x0000000089000000, 0x0000000089100000|  0%| F|  |TAMS 0x0000000089000000, 0x0000000089000000| Untracked 
|  67|0x0000000089100000, 0x0000000089100000, 0x0000000089200000|  0%| F|  |TAMS 0x0000000089100000, 0x0000000089100000| Untracked 
|  68|0x0000000089200000, 0x0000000089200000, 0x0000000089300000|  0%| F|  |TAMS 0x0000000089200000, 0x0000000089200000| Untracked 
|  69|0x0000000089300000, 0x0000000089300000, 0x0000000089400000|  0%| F|  |TAMS 0x0000000089300000, 0x0000000089300000| Untracked 
|  70|0x0000000089400000, 0x0000000089400000, 0x0000000089500000|  0%| F|  |TAMS 0x0000000089400000, 0x0000000089400000| Untracked 
|  71|0x0000000089500000, 0x0000000089500000, 0x0000000089600000|  0%| F|  |TAMS 0x0000000089500000, 0x0000000089500000| Untracked 
|  72|0x0000000089600000, 0x0000000089600000, 0x0000000089700000|  0%| F|  |TAMS 0x0000000089600000, 0x0000000089600000| Untracked 
|  73|0x0000000089700000, 0x0000000089700000, 0x0000000089800000|  0%| F|  |TAMS 0x0000000089700000, 0x0000000089700000| Untracked 
|  74|0x0000000089800000, 0x0000000089800000, 0x0000000089900000|  0%| F|  |TAMS 0x0000000089800000, 0x0000000089800000| Untracked 
|  75|0x0000000089900000, 0x0000000089900000, 0x0000000089a00000|  0%| F|  |TAMS 0x0000000089900000, 0x0000000089900000| Untracked 
|  76|0x0000000089a00000, 0x0000000089a00000, 0x0000000089b00000|  0%| F|  |TAMS 0x0000000089a00000, 0x0000000089a00000| Untracked 
|  77|0x0000000089b00000, 0x0000000089b00000, 0x0000000089c00000|  0%| F|  |TAMS 0x0000000089b00000, 0x0000000089b00000| Untracked 
|  78|0x0000000089c00000, 0x0000000089c00000, 0x0000000089d00000|  0%| F|  |TAMS 0x0000000089c00000, 0x0000000089c00000| Untracked 
|  79|0x0000000089d00000, 0x0000000089d00000, 0x0000000089e00000|  0%| F|  |TAMS 0x0000000089d00000, 0x0000000089d00000| Untracked 
|  80|0x0000000089e00000, 0x0000000089e00000, 0x0000000089f00000|  0%| F|  |TAMS 0x0000000089e00000, 0x0000000089e00000| Untracked 
|  81|0x0000000089f00000, 0x0000000089f00000, 0x000000008a000000|  0%| F|  |TAMS 0x0000000089f00000, 0x0000000089f00000| Untracked 
|  82|0x000000008a000000, 0x000000008a000000, 0x000000008a100000|  0%| F|  |TAMS 0x000000008a000000, 0x000000008a000000| Untracked 
|  83|0x000000008a100000, 0x000000008a100000, 0x000000008a200000|  0%| F|  |TAMS 0x000000008a100000, 0x000000008a100000| Untracked 
|  84|0x000000008a200000, 0x000000008a200000, 0x000000008a300000|  0%| F|  |TAMS 0x000000008a200000, 0x000000008a200000| Untracked 
|  85|0x000000008a300000, 0x000000008a300000, 0x000000008a400000|  0%| F|  |TAMS 0x000000008a300000, 0x000000008a300000| Untracked 
|  86|0x000000008a400000, 0x000000008a400000, 0x000000008a500000|  0%| F|  |TAMS 0x000000008a400000, 0x000000008a400000| Untracked 
|  87|0x000000008a500000, 0x000000008a500000, 0x000000008a600000|  0%| F|  |TAMS 0x000000008a500000, 0x000000008a500000| Untracked 
|  88|0x000000008a600000, 0x000000008a600000, 0x000000008a700000|  0%| F|  |TAMS 0x000000008a600000, 0x000000008a600000| Untracked 
|  89|0x000000008a700000, 0x000000008a700000, 0x000000008a800000|  0%| F|  |TAMS 0x000000008a700000, 0x000000008a700000| Untracked 
|  90|0x000000008a800000, 0x000000008a800000, 0x000000008a900000|  0%| F|  |TAMS 0x000000008a800000, 0x000000008a800000| Untracked 
|  91|0x000000008a900000, 0x000000008a900000, 0x000000008aa00000|  0%| F|  |TAMS 0x000000008a900000, 0x000000008a900000| Untracked 
|  92|0x000000008aa00000, 0x000000008aa00000, 0x000000008ab00000|  0%| F|  |TAMS 0x000000008aa00000, 0x000000008aa00000| Untracked 
|  93|0x000000008ab00000, 0x000000008ab00000, 0x000000008ac00000|  0%| F|  |TAMS 0x000000008ab00000, 0x000000008ab00000| Untracked 
|  94|0x000000008ac00000, 0x000000008ac00000, 0x000000008ad00000|  0%| F|  |TAMS 0x000000008ac00000, 0x000000008ac00000| Untracked 
|  95|0x000000008ad00000, 0x000000008ad00000, 0x000000008ae00000|  0%| F|  |TAMS 0x000000008ad00000, 0x000000008ad00000| Untracked 
|  96|0x000000008ae00000, 0x000000008ae00000, 0x000000008af00000|  0%| F|  |TAMS 0x000000008ae00000, 0x000000008ae00000| Untracked 
|  97|0x000000008af00000, 0x000000008af00000, 0x000000008b000000|  0%| F|  |TAMS 0x000000008af00000, 0x000000008af00000| Untracked 
|  98|0x000000008b000000, 0x000000008b000000, 0x000000008b100000|  0%| F|  |TAMS 0x000000008b000000, 0x000000008b000000| Untracked 
|  99|0x000000008b100000, 0x000000008b100000, 0x000000008b200000|  0%| F|  |TAMS 0x000000008b100000, 0x000000008b100000| Untracked 
| 100|0x000000008b200000, 0x000000008b200000, 0x000000008b300000|  0%| F|  |TAMS 0x000000008b200000, 0x000000008b200000| Untracked 
| 101|0x000000008b300000, 0x000000008b300000, 0x000000008b400000|  0%| F|  |TAMS 0x000000008b300000, 0x000000008b300000| Untracked 
| 102|0x000000008b400000, 0x000000008b400000, 0x000000008b500000|  0%| F|  |TAMS 0x000000008b400000, 0x000000008b400000| Untracked 
| 103|0x000000008b500000, 0x000000008b500000, 0x000000008b600000|  0%| F|  |TAMS 0x000000008b500000, 0x000000008b500000| Untracked 
| 104|0x000000008b600000, 0x000000008b600000, 0x000000008b700000|  0%| F|  |TAMS 0x000000008b600000, 0x000000008b600000| Untracked 
| 105|0x000000008b700000, 0x000000008b700000, 0x000000008b800000|  0%| F|  |TAMS 0x000000008b700000, 0x000000008b700000| Untracked 
| 106|0x000000008b800000, 0x000000008b800000, 0x000000008b900000|  0%| F|  |TAMS 0x000000008b800000, 0x000000008b800000| Untracked 
| 107|0x000000008b900000, 0x000000008b900000, 0x000000008ba00000|  0%| F|  |TAMS 0x000000008b900000, 0x000000008b900000| Untracked 
| 108|0x000000008ba00000, 0x000000008ba00000, 0x000000008bb00000|  0%| F|  |TAMS 0x000000008ba00000, 0x000000008ba00000| Untracked 
| 109|0x000000008bb00000, 0x000000008bb00000, 0x000000008bc00000|  0%| F|  |TAMS 0x000000008bb00000, 0x000000008bb00000| Untracked 
| 110|0x000000008bc00000, 0x000000008bc00000, 0x000000008bd00000|  0%| F|  |TAMS 0x000000008bc00000, 0x000000008bc00000| Untracked 
| 111|0x000000008bd00000, 0x000000008bd00000, 0x000000008be00000|  0%| F|  |TAMS 0x000000008bd00000, 0x000000008bd00000| Untracked 
| 112|0x000000008be00000, 0x000000008be00000, 0x000000008bf00000|  0%| F|  |TAMS 0x000000008be00000, 0x000000008be00000| Untracked 
| 113|0x000000008bf00000, 0x000000008bf00000, 0x000000008c000000|  0%| F|  |TAMS 0x000000008bf00000, 0x000000008bf00000| Untracked 
| 114|0x000000008c000000, 0x000000008c000000, 0x000000008c100000|  0%| F|  |TAMS 0x000000008c000000, 0x000000008c000000| Untracked 
| 115|0x000000008c100000, 0x000000008c100000, 0x000000008c200000|  0%| F|  |TAMS 0x000000008c100000, 0x000000008c100000| Untracked 
| 116|0x000000008c200000, 0x000000008c200000, 0x000000008c300000|  0%| F|  |TAMS 0x000000008c200000, 0x000000008c200000| Untracked 
| 117|0x000000008c300000, 0x000000008c300000, 0x000000008c400000|  0%| F|  |TAMS 0x000000008c300000, 0x000000008c300000| Untracked 
| 118|0x000000008c400000, 0x000000008c400000, 0x000000008c500000|  0%| F|  |TAMS 0x000000008c400000, 0x000000008c400000| Untracked 
| 119|0x000000008c500000, 0x000000008c500000, 0x000000008c600000|  0%| F|  |TAMS 0x000000008c500000, 0x000000008c500000| Untracked 
| 120|0x000000008c600000, 0x000000008c600000, 0x000000008c700000|  0%| F|  |TAMS 0x000000008c600000, 0x000000008c600000| Untracked 
| 121|0x000000008c700000, 0x000000008c743108, 0x000000008c800000| 26%| E|  |TAMS 0x000000008c700000, 0x000000008c700000| Complete 
| 122|0x000000008c800000, 0x000000008c900000, 0x000000008c900000|100%| E|CS|TAMS 0x000000008c800000, 0x000000008c800000| Complete 
| 123|0x000000008c900000, 0x000000008ca00000, 0x000000008ca00000|100%| E|CS|TAMS 0x000000008c900000, 0x000000008c900000| Complete 

Card table byte_map: [0x0000026ca2660000,0x0000026ca2a40000] _byte_map_base: 0x0000026ca2239000

Marking Bits (Prev, Next): (CMBitMap*) 0x0000026c8fe111d0, (CMBitMap*) 0x0000026c8fe11210
 Prev Bits: [0x0000026ca2e20000, 0x0000026ca4ce8000)
 Next Bits: [0x0000026ca4cf0000, 0x0000026ca6bb8000)

Polling page: 0x0000026c8f560000

Metaspace:

Usage:
  Non-class:      6.30 MB used.
      Class:    616.47 KB used.
       Both:      6.90 MB used.

Virtual space:
  Non-class space:       64.00 MB reserved,       6.31 MB ( 10%) committed,  1 nodes.
      Class space:        1.00 GB reserved,     704.00 KB ( <1%) committed,  1 nodes.
             Both:        1.06 GB reserved,       7.00 MB ( <1%) committed. 

Chunk freelists:
   Non-Class:  9.00 MB
       Class:  15.23 MB
        Both:  24.23 MB

MaxMetaspaceSize: unlimited
CompressedClassSpaceSize: 1.00 GB
Initial GC threshold: 21.00 MB
Current GC threshold: 21.00 MB
CDS: off
MetaspaceReclaimPolicy: balanced
 - commit_granule_bytes: 65536.
 - commit_granule_words: 8192.
 - virtual_space_node_default_size: 8388608.
 - enlarge_chunks_in_place: 1.
 - new_chunks_are_fully_committed: 0.
 - uncommit_free_chunks: 1.
 - use_allocation_guard: 0.
 - handle_deallocations: 1.


Internal statistics:

num_allocs_failed_limit: 0.
num_arena_births: 6.
num_arena_deaths: 0.
num_vsnodes_births: 2.
num_vsnodes_deaths: 0.
num_space_committed: 112.
num_space_uncommitted: 0.
num_chunks_returned_to_freelist: 0.
num_chunks_taken_from_freelist: 29.
num_chunk_merges: 0.
num_chunk_splits: 12.
num_chunks_enlarged: 8.
num_inconsistent_stats: 0.

CodeHeap 'non-profiled nmethods': size=120000Kb used=52Kb max_used=52Kb free=119947Kb
 bounds [0x0000026c9ad50000, 0x0000026c9afc0000, 0x0000026ca2280000]
CodeHeap 'profiled nmethods': size=120000Kb used=244Kb max_used=244Kb free=119755Kb
 bounds [0x0000026c93280000, 0x0000026c934f0000, 0x0000026c9a7b0000]
CodeHeap 'non-nmethods': size=5760Kb used=1111Kb max_used=1124Kb free=4648Kb
 bounds [0x0000026c9a7b0000, 0x0000026c9aa20000, 0x0000026c9ad50000]
 total_blobs=583 nmethods=206 adapters=290
 compilation: enabled
              stopped_count=0, restarted_count=0
 full_count=0

Compilation events (20 events):
Event: 7.013 Thread 0x0000026ca925fcc0 nmethod 196 0x0000026c9ad5c410 code [0x0000026c9ad5c580, 0x0000026c9ad5c6b8]
Event: 7.013 Thread 0x0000026ca925fcc0  197       4       java.util.concurrent.ConcurrentHashMap::tabAt (22 bytes)
Event: 7.014 Thread 0x0000026ca925fcc0 nmethod 197 0x0000026c9ad5c710 code [0x0000026c9ad5c880, 0x0000026c9ad5c8d8]
Event: 7.014 Thread 0x0000026ca925fcc0  203       4       java.lang.StringLatin1::canEncode (13 bytes)
Event: 7.015 Thread 0x0000026ca925fcc0 nmethod 203 0x0000026c9ad5ca10 code [0x0000026c9ad5cb80, 0x0000026c9ad5cbf8]
Event: 7.016 Thread 0x0000026ca9260680 nmethod 200 0x0000026c932b8190 code [0x0000026c932b86c0, 0x0000026c932ba9f8]
Event: 7.016 Thread 0x0000026ca9260680  204       3       java.util.HashSet::add (20 bytes)
Event: 7.016 Thread 0x0000026ca925fcc0  206       4       java.lang.CharacterDataLatin1::toUpperCaseEx (71 bytes)
Event: 7.016 Thread 0x0000026ca9260680 nmethod 204 0x0000026c932bb690 code [0x0000026c932bb840, 0x0000026c932bba68]
Event: 7.016 Thread 0x0000026ca9260680  201       3       jdk.internal.util.ArraysSupport::newLength (27 bytes)
Event: 7.016 Thread 0x0000026ca9260680 nmethod 201 0x0000026c932bbb10 code [0x0000026c932bbcc0, 0x0000026c932bbf28]
Event: 7.016 Thread 0x0000026ca9260680  205       3       java.lang.AbstractStringBuilder::newCapacity (59 bytes)
Event: 7.017 Thread 0x0000026ca9260680 nmethod 205 0x0000026c932bc010 code [0x0000026c932bc1e0, 0x0000026c932bc5d8]
Event: 7.017 Thread 0x0000026ca9260680  207       3       java.util.HashMap$HashIterator::hasNext (13 bytes)
Event: 7.017 Thread 0x0000026ca9260680 nmethod 207 0x0000026c932bc790 code [0x0000026c932bc920, 0x0000026c932bca98]
Event: 7.017 Thread 0x0000026ca9260680  199       3       java.util.Objects::nonNull (10 bytes)
Event: 7.017 Thread 0x0000026ca9260680 nmethod 199 0x0000026c932bcb10 code [0x0000026c932bcca0, 0x0000026c932bcdf8]
Event: 7.017 Thread 0x0000026ca9260680  202       3       java.util.Locale::getLanguage (8 bytes)
Event: 7.018 Thread 0x0000026ca9260680 nmethod 202 0x0000026c932bce90 code [0x0000026c932bd020, 0x0000026c932bd158]
Event: 7.089 Thread 0x0000026ca925fcc0 nmethod 206 0x0000026c9ad5cd10 code [0x0000026c9ad5ce80, 0x0000026c9ad5cf78]

GC Heap History (0 events):
No events

Dll operation events (2 events):
Event: 0.022 Loaded shared library C:\Program Files\Android\Android Studio1\jbr\bin\java.dll
Event: 4.693 Loaded shared library C:\Program Files\Android\Android Studio1\jbr\bin\verify.dll

Deoptimization events (0 events):
No events

Classes unloaded (0 events):
No events

Classes redefined (0 events):
No events

Internal exceptions (0 events):
No events

VM Operations (9 events):
Event: 3.968 Executing VM operation: Cleanup
Event: 3.999 Executing VM operation: Cleanup done
Event: 4.230 Executing VM operation: HandshakeAllThreads
Event: 4.230 Executing VM operation: HandshakeAllThreads done
Event: 5.242 Executing VM operation: Cleanup
Event: 5.242 Executing VM operation: Cleanup done
Event: 6.256 Executing VM operation: Cleanup
Event: 6.319 Executing VM operation: Cleanup done
Event: 7.323 Executing VM operation: Cleanup

Events (20 events):
Event: 7.015 loading class java/util/LinkedHashMap$LinkedKeyIterator done
Event: 7.015 loading class java/util/Collections$EmptyIterator
Event: 7.015 loading class java/util/Collections$EmptyIterator done
Event: 7.016 loading class jdk/internal/event/SecurityProviderServiceEvent
Event: 7.103 loading class jdk/internal/event/Event
Event: 7.213 loading class jdk/internal/event/Event done
Event: 7.213 loading class jdk/internal/event/SecurityProviderServiceEvent done
Event: 7.213 loading class sun/security/provider/MD5
Event: 7.246 loading class sun/security/provider/DigestBase
Event: 7.313 loading class sun/security/provider/DigestBase done
Event: 7.313 loading class sun/security/provider/MD5 done
Event: 7.313 loading class sun/security/jca/GetInstance$Instance
Event: 7.313 loading class sun/security/jca/GetInstance$Instance done
Event: 7.313 loading class java/security/MessageDigest$Delegate
Event: 7.313 loading class sun/security/util/MessageDigestSpi2
Event: 7.313 loading class sun/security/util/MessageDigestSpi2 done
Event: 7.313 loading class java/security/MessageDigest$Delegate done
Event: 7.313 loading class java/security/MessageDigest$Delegate$CloneableDelegate
Event: 7.313 loading class java/security/MessageDigest$Delegate$CloneableDelegate done
Event: 7.314 loading class java/math/BigInteger


Dynamic libraries:
0x00007ff79f070000 - 0x00007ff79f07a000 	C:\Program Files\Android\Android Studio1\jbr\bin\java.exe
0x00007ffbd1f30000 - 0x00007ffbd2146000 	C:\WINDOWS\SYSTEM32\ntdll.dll
0x00007ffb92560000 - 0x00007ffb92579000 	C:\Program Files\AVG\Antivirus\aswhook.dll
0x00007ffbd0280000 - 0x00007ffbd0344000 	C:\WINDOWS\System32\KERNEL32.DLL
0x00007ffbcf550000 - 0x00007ffbcf8f7000 	C:\WINDOWS\System32\KERNELBASE.dll
0x00007ffbcfa70000 - 0x00007ffbcfb81000 	C:\WINDOWS\System32\ucrtbase.dll
0x00007ffb82380000 - 0x00007ffb82397000 	C:\Program Files\Android\Android Studio1\jbr\bin\jli.dll
0x00007ffbd1870000 - 0x00007ffbd1a1e000 	C:\WINDOWS\System32\USER32.dll
0x00007ffbcf900000 - 0x00007ffbcf926000 	C:\WINDOWS\System32\win32u.dll
0x00007ffbd1ad0000 - 0x00007ffbd1af9000 	C:\WINDOWS\System32\GDI32.dll
0x00007ffbcf430000 - 0x00007ffbcf549000 	C:\WINDOWS\System32\gdi32full.dll
0x00007ffbcfb90000 - 0x00007ffbcfc2a000 	C:\WINDOWS\System32\msvcp_win.dll
0x00007ffb82090000 - 0x00007ffb820ab000 	C:\Program Files\Android\Android Studio1\jbr\bin\VCRUNTIME140.dll
0x00007ffbb1790000 - 0x00007ffbb1a23000 	C:\WINDOWS\WinSxS\amd64_microsoft.windows.common-controls_6595b64144ccf1df_6.0.22621.3235_none_270f74e173860f98\COMCTL32.dll
0x00007ffbd1a20000 - 0x00007ffbd1ac7000 	C:\WINDOWS\System32\msvcrt.dll
0x00007ffbd1e30000 - 0x00007ffbd1e61000 	C:\WINDOWS\System32\IMM32.DLL
0x00007ffbca400000 - 0x00007ffbca40c000 	C:\Program Files\Android\Android Studio1\jbr\bin\vcruntime140_1.dll
0x00007ffb5bf60000 - 0x00007ffb5bfed000 	C:\Program Files\Android\Android Studio1\jbr\bin\msvcp140.dll
0x00007ffb11420000 - 0x00007ffb120a3000 	C:\Program Files\Android\Android Studio1\jbr\bin\server\jvm.dll
0x00007ffbd05f0000 - 0x00007ffbd06a2000 	C:\WINDOWS\System32\ADVAPI32.dll
0x00007ffbd04d0000 - 0x00007ffbd0578000 	C:\WINDOWS\System32\sechost.dll
0x00007ffbcfc30000 - 0x00007ffbcfc58000 	C:\WINDOWS\System32\bcrypt.dll
0x00007ffbd1750000 - 0x00007ffbd1865000 	C:\WINDOWS\System32\RPCRT4.dll
0x00007ffbce0b0000 - 0x00007ffbce0fd000 	C:\WINDOWS\SYSTEM32\POWRPROF.dll
0x00007ffbb4cf0000 - 0x00007ffbb4cf9000 	C:\WINDOWS\SYSTEM32\WSOCK32.dll
0x00007ffbd0190000 - 0x00007ffbd0201000 	C:\WINDOWS\System32\WS2_32.dll
0x00007ffbc8250000 - 0x00007ffbc8284000 	C:\WINDOWS\SYSTEM32\WINMM.dll
0x00007ffbc7850000 - 0x00007ffbc785a000 	C:\WINDOWS\SYSTEM32\VERSION.dll
0x00007ffbce090000 - 0x00007ffbce0a3000 	C:\WINDOWS\SYSTEM32\UMPDC.dll
0x00007ffbce340000 - 0x00007ffbce358000 	C:\WINDOWS\SYSTEM32\kernel.appcore.dll
0x00007ffb93600000 - 0x00007ffb9360a000 	C:\Program Files\Android\Android Studio1\jbr\bin\jimage.dll
0x00007ffbccd00000 - 0x00007ffbccf33000 	C:\WINDOWS\SYSTEM32\DBGHELP.DLL
0x00007ffbd06b0000 - 0x00007ffbd0a38000 	C:\WINDOWS\System32\combase.dll
0x00007ffbd1d50000 - 0x00007ffbd1e27000 	C:\WINDOWS\System32\OLEAUT32.dll
0x00007ffbc0ad0000 - 0x00007ffbc0b02000 	C:\WINDOWS\SYSTEM32\dbgcore.DLL
0x00007ffbcf9f0000 - 0x00007ffbcfa69000 	C:\WINDOWS\System32\bcryptPrimitives.dll
0x00007ffb76b50000 - 0x00007ffb76b75000 	C:\Program Files\Android\Android Studio1\jbr\bin\java.dll
0x00007ffb81190000 - 0x00007ffb811a8000 	C:\Program Files\Android\Android Studio1\jbr\bin\zip.dll
0x00007ffbd0dd0000 - 0x00007ffbd162c000 	C:\WINDOWS\System32\SHELL32.dll
0x00007ffbcd170000 - 0x00007ffbcda69000 	C:\WINDOWS\SYSTEM32\windows.storage.dll
0x00007ffbcd030000 - 0x00007ffbcd16e000 	C:\WINDOWS\SYSTEM32\wintypes.dll
0x00007ffbd1630000 - 0x00007ffbd1723000 	C:\WINDOWS\System32\SHCORE.dll
0x00007ffbd0450000 - 0x00007ffbd04ae000 	C:\WINDOWS\System32\shlwapi.dll
0x00007ffbcf180000 - 0x00007ffbcf1a1000 	C:\WINDOWS\SYSTEM32\profapi.dll
0x00007ffb80c40000 - 0x00007ffb80c59000 	C:\Program Files\Android\Android Studio1\jbr\bin\net.dll
0x00007ffbc7100000 - 0x00007ffbc7236000 	C:\WINDOWS\SYSTEM32\WINHTTP.dll
0x00007ffbce7a0000 - 0x00007ffbce809000 	C:\WINDOWS\system32\mswsock.dll
0x00007ffb7a610000 - 0x00007ffb7a626000 	C:\Program Files\Android\Android Studio1\jbr\bin\nio.dll
0x00007ffb932d0000 - 0x00007ffb932e0000 	C:\Program Files\Android\Android Studio1\jbr\bin\verify.dll

dbghelp: loaded successfully - version: 4.0.5 - missing functions: none
symbol engine: initialized successfully - sym options: 0x614 - pdb path: .;C:\Program Files\Android\Android Studio1\jbr\bin;C:\WINDOWS\SYSTEM32;C:\Program Files\AVG\Antivirus;C:\WINDOWS\WinSxS\amd64_microsoft.windows.common-controls_6595b64144ccf1df_6.0.22621.3235_none_270f74e173860f98;C:\Program Files\Android\Android Studio1\jbr\bin\server

VM Arguments:
jvm_args: -Dorg.gradle.appname=gradlew 
java_command: org.gradle.wrapper.GradleWrapperMain -q -Ptarget-platform=android-x86 -Ptarget=D:\OUTDID\Git\outdid\EV_APPLICATION\lib\main.dart -Pbase-application-name=android.app.Application -Pdart-defines=RkxVVFRFUl9XRUJfQVVUT19ERVRFQ1Q9dHJ1ZQ==,RkxVVFRFUl9XRUJfQ0FOVkFTS0lUX1VSTD1odHRwczovL3d3dy5nc3RhdGljLmNvbS9mbHV0dGVyLWNhbnZhc2tpdC9lNzZjOTU2NDk4ODQxZTFhYjQ1ODU3N2QzODkyMDAzZTU1M2U0ZjNjLw== -Pdart-obfuscation=false -Ptrack-widget-creation=true -Ptree-shake-icons=false -Pfilesystem-scheme=org-dartlang-root assembleDebug
java_class_path (initial): D:\OUTDID\Git\outdid\EV_APPLICATION\android\\gradle\wrapper\gradle-wrapper.jar
Launcher Type: SUN_STANDARD

[Global flags]
     intx CICompilerCount                          = 3                                         {product} {ergonomic}
     uint ConcGCThreads                            = 1                                         {product} {ergonomic}
     uint G1ConcRefinementThreads                  = 4                                         {product} {ergonomic}
   size_t G1HeapRegionSize                         = 1048576                                   {product} {ergonomic}
    uintx GCDrainStackTargetSize                   = 64                                        {product} {ergonomic}
   size_t InitialHeapSize                          = 130023424                                 {product} {ergonomic}
   size_t MarkStackSize                            = 4194304                                   {product} {ergonomic}
   size_t MaxHeapSize                              = 2065694720                                {product} {ergonomic}
   size_t MaxNewSize                               = 1239416832                                {product} {ergonomic}
   size_t MinHeapDeltaBytes                        = 1048576                                   {product} {ergonomic}
   size_t MinHeapSize                              = 8388608                                   {product} {ergonomic}
    uintx NonNMethodCodeHeapSize                   = 5832780                                {pd product} {ergonomic}
    uintx NonProfiledCodeHeapSize                  = 122912730                              {pd product} {ergonomic}
    uintx ProfiledCodeHeapSize                     = 122912730                              {pd product} {ergonomic}
    uintx ReservedCodeCacheSize                    = 251658240                              {pd product} {ergonomic}
     bool SegmentedCodeCache                       = true                                      {product} {ergonomic}
   size_t SoftMaxHeapSize                          = 2065694720                             {manageable} {ergonomic}
     bool UseCompressedClassPointers               = true                           {product lp64_product} {ergonomic}
     bool UseCompressedOops                        = true                           {product lp64_product} {ergonomic}
     bool UseG1GC                                  = true                                      {product} {ergonomic}
     bool UseLargePagesIndividualAllocation        = false                                  {pd product} {ergonomic}

Logging:
Log output configuration:
 #0: stdout all=warning uptime,level,tags
 #1: stderr all=off uptime,level,tags

Environment Variables:
JAVA_HOME=C:\Program Files\Android\Android Studio1\jbr
CLASSPATH=D:\OUTDID\Git\outdid\EV_APPLICATION\android\\gradle\wrapper\gradle-wrapper.jar
PATH=C:\Program Files\Android\Android Studio1\jbr\bin;C:\Program Files\Eclipse Adoptium\jdk-21.0.2.13-hotspot\bin;E:\oracle\product\10.2.0\db_3\bin;E:\oracle\product\10.2.0\db_2\bin;E:\oracle\product\10.2.0\db_1\bin;C:\Program Files (x86)\Common Files\Oracle\Java\javapath;C:\WINDOWS\system32;C:\WINDOWS;C:\WINDOWS\System32\Wbem;C:\WINDOWS\System32\WindowsPowerShell\v1.0\;C:\WINDOWS\System32\OpenSSH\;C:\Users\ANISH KUMAR\AppData\Local\Programs\Python\Python310;C:\Program Files\dotnet\;C:\Program Files\Java\vscode-java-master\bin;C:\apache-tomcat-10.0.23\bin;C:\apache-maven-3.8.6\bin;C:\Program Files\MySQL\MySQL Server 8.0\bin;C:\Program Files\Java;C:\Program Files\Git\cmd;C:\Program Files\nodejs\;C:\Program Files\MongoDB\Server\7.0\bin;C:\mongosh-2.1.1-win32-x64\bin;C:\ProgramData\chocolatey\bin;C:\Program Files\MySQL\MySQL Shell 8.0\bin\;C:\Users\ANISH KUMAR\AppData\Local\Programs\Python\Python39\Scripts\;C:\Users\ANISH KUMAR\AppData\Local\Programs\Python\Python39\;C:\Users\ANISH KUMAR\PycharmProjects\pythonProject3\akk.py;C:\Program Files\JetBrains\PyCharm Community Edition 2022.3.2\bin;;C:\python\Lib\site-packages;C:\Users\ANISH KUMAR\AppData\Local\Programs\Microsoft VS Code\bin;C:\Users\ANISH KUMAR\Desktop\prediction\venu\Scripts;C:\Users\ANISH KUMAR\AppData\Local\Microsoft\WindowsApps;C:\Program Files\JetBrains\IntelliJ IDEA Community Edition 2022.3.2\bin;;C:\Program Files (x86)\Java\jre1.8.0_251\bin;C:\Users\ANISH KUMAR\AppData\Local\Programs\Python\Python310\Scripts;C:\Users\ANISH KUMAR\AppData\Local\Programs\Python\Python310\Scripts;C:\Users\ANISH KUMAR\AppData\Roaming\npm;C:\Program Files\MongoDB\Server\7.0\bin;C:\mongosh-2.1.1-win32-x64\bin;C:\src\flutter\bin;C:\Users\ANISH KUMAR\AppData\Local\Android\Sdk;C:\Users\ANISH KUMAR\AppData\Local\Android\Sdk\platform-tools;;C:\src\flutter\bin\mingit\cmd;C:\src\flutter\bin\mingit\cmd
USERNAME=ANISH KUMAR
OS=Windows_NT
PROCESSOR_IDENTIFIER=Intel64 Family 6 Model 126 Stepping 5, GenuineIntel
TMP=C:\Users\ANISHK~1\AppData\Local\Temp
TEMP=C:\Users\ANISHK~1\AppData\Local\Temp



Periodic native trim disabled

JNI global refs:
JNI global refs: 7, weak refs: 0

JNI global refs memory usage: 843, weak refs: 209

OOME stack traces (most recent first):
Classloader memory used:
Loader bootstrap                                                                       : 865K
Loader jdk.internal.loader.ClassLoaders$AppClassLoader                                 : 17475B


---------------  S Y S T E M  ---------------

OS:
 Windows 11 , 64 bit Build 22621 (10.0.22621.3374)
OS uptime: 1 days 2:17 hours
Hyper-V role detected

CPU: total 4 (initial active 4) (2 cores per cpu, 2 threads per core) family 6 model 126 stepping 5 microcode 0xbc, cx8, cmov, fxsr, ht, mmx, 3dnowpref, sse, sse2, sse3, ssse3, sse4.1, sse4.2, popcnt, lzcnt, tsc, tscinvbit, avx, avx2, aes, erms, clmul, bmi1, bmi2, adx, avx512f, avx512dq, avx512cd, avx512bw, avx512vl, sha, fma, vzeroupper, avx512_vpopcntdq, avx512_vpclmulqdq, avx512_vaes, avx512_vnni, clflush, clflushopt, avx512_vbmi2, avx512_vbmi, hv
Processor Information for all 4 processors :
  Max Mhz: 1201, Current Mhz: 1200, Mhz Limit: 1188

Memory: 4k page, system-wide physical 7879M (259M free)
TotalPageFile size 28754M (AvailPageFile size 5M)
current process WorkingSet (physical memory assigned to process): 36M, peak: 36M
current process commit charge ("private bytes"): 194M, peak: 195M

vm_info: OpenJDK 64-Bit Server VM (17.0.9+0--11185874) for windows-amd64 JRE (17.0.9+0--11185874), built on Dec  6 2023 18:57:44 by "androidbuild" with MS VC++ 16.10 / 16.11 (VS2019)

END.
