#
# There is insufficient memory for the Java Runtime Environment to continue.
# Native memory allocation (malloc) failed to allocate 42864 bytes for Chunk::new
# Possible reasons:
#   The system is out of physical RAM or swap space
#   The process is running with CompressedOops enabled, and the Java Heap may be blocking the growth of the native heap
# Possible solutions:
#   Reduce memory load on the system
#   Increase physical memory or swap space
#   Check if swap backing store is full
#   Decrease Java heap size (-Xmx/-Xms)
#   Decrease number of Java threads
#   Decrease Java thread stack sizes (-Xss)
#   Set larger code cache with -XX:ReservedCodeCacheSize=
#   JVM is running with Unscaled Compressed Oops mode in which the Java heap is
#     placed in the first 4GB address space. The Java Heap base address is the
#     maximum limit for the native heap growth. Please use -XX:HeapBaseMinAddress
#     to set the Java Heap base and to place the Java Heap above 4GB virtual address.
# This output file may be truncated or incomplete.
#
#  Out of Memory Error (arena.cpp:191), pid=18820, tid=15436
#
# JRE version: OpenJDK Runtime Environment (17.0.9) (build 17.0.9+0--11185874)
# Java VM: OpenJDK 64-Bit Server VM (17.0.9+0--11185874, mixed mode, tiered, compressed oops, compressed class ptrs, g1 gc, windows-amd64)
# No core dump will be written. Minidumps are not enabled by default on client versions of Windows
#

---------------  S U M M A R Y ------------

Command Line: -Dorg.gradle.appname=gradlew org.gradle.wrapper.GradleWrapperMain -q -Ptarget-platform=android-x86 -Ptarget=D:\OUTDID\Git\outdid\EV_APPLICATION\lib\main.dart -Pbase-application-name=android.app.Application -Pdart-defines=RkxVVFRFUl9XRUJfQVVUT19ERVRFQ1Q9dHJ1ZQ==,RkxVVFRFUl9XRUJfQ0FOVkFTS0lUX1VSTD1odHRwczovL3d3dy5nc3RhdGljLmNvbS9mbHV0dGVyLWNhbnZhc2tpdC9lNzZjOTU2NDk4ODQxZTFhYjQ1ODU3N2QzODkyMDAzZTU1M2U0ZjNjLw== -Pdart-obfuscation=false -Ptrack-widget-creation=true -Ptree-shake-icons=false -Pfilesystem-scheme=org-dartlang-root assembleDebug

Host: Intel(R) Core(TM) i3-1005G1 CPU @ 1.20GHz, 4 cores, 7G,  Windows 11 , 64 bit Build 22621 (10.0.22621.3374)
Time: Wed May 22 12:31:01 2024 India Standard Time elapsed time: 7.676079 seconds (0d 0h 0m 7s)

---------------  T H R E A D  ---------------

Current thread (0x0000028978048490):  JavaThread "main" [_thread_in_vm, id=15436, stack(0x000000a138e00000,0x000000a138f00000)]

Stack: [0x000000a138e00000,0x000000a138f00000]
Native frames: (J=compiled Java code, j=interpreted, Vv=VM code, C=native code)
V  [jvm.dll+0x6886e9]
V  [jvm.dll+0x841e4a]
V  [jvm.dll+0x843a8e]
V  [jvm.dll+0x8440f3]
V  [jvm.dll+0x24c14f]
V  [jvm.dll+0xac44c]
V  [jvm.dll+0xaca9c]
V  [jvm.dll+0x1f750a]
V  [jvm.dll+0x1f6012]
V  [jvm.dll+0x7ba54b]
V  [jvm.dll+0x7bb9bc]
V  [jvm.dll+0x7bbd08]
V  [jvm.dll+0x243bae]
V  [jvm.dll+0x38a0eb]
C  0x000002890753f57f

The last pc belongs to ldc_w (printed below).
Java frames: (J=compiled Java code, j=interpreted, Vv=VM code)
j  java.lang.invoke.VarHandle.<clinit>()V+46 java.base@17.0.9
v  ~StubRoutines::call_stub
j  java.lang.invoke.VarHandles.byteArrayViewHandle(Ljava/lang/Class;Z)Ljava/lang/invoke/VarHandle;+65 java.base@17.0.9
j  java.lang.invoke.MethodHandles.byteArrayViewVarHandle(Ljava/lang/Class;Ljava/nio/ByteOrder;)Ljava/lang/invoke/VarHandle;+18 java.base@17.0.9
j  sun.security.provider.ByteArrayAccess$LE.<clinit>()V+5 java.base@17.0.9
v  ~StubRoutines::call_stub
j  sun.security.provider.MD5.implCompress0([BI)V+31 java.base@17.0.9
j  sun.security.provider.MD5.implCompress([BI)V+9 java.base@17.0.9
j  sun.security.provider.DigestBase.engineUpdate([BII)V+128 java.base@17.0.9
j  sun.security.provider.MD5.implDigest([BI)V+46 java.base@17.0.9
j  sun.security.provider.DigestBase.engineDigest([BII)I+97 java.base@17.0.9
j  sun.security.provider.DigestBase.engineDigest()[B+12 java.base@17.0.9
j  java.security.MessageDigest$Delegate.engineDigest()[B+4 java.base@17.0.9
j  java.security.MessageDigest.digest()[B+1 java.base@17.0.9
j  org.gradle.wrapper.PathAssembler.getHash(Ljava/lang/String;)Ljava/lang/String;+22
j  org.gradle.wrapper.PathAssembler.rootDirName(Ljava/lang/String;Lorg/gradle/wrapper/WrapperConfiguration;)Ljava/lang/String;+8
j  org.gradle.wrapper.PathAssembler.getDistribution(Lorg/gradle/wrapper/WrapperConfiguration;)Lorg/gradle/wrapper/PathAssembler$LocalDistribution;+18
j  org.gradle.wrapper.Install.createDist(Lorg/gradle/wrapper/WrapperConfiguration;)Ljava/io/File;+15
j  org.gradle.wrapper.WrapperExecutor.execute([Ljava/lang/String;Lorg/gradle/wrapper/Install;Lorg/gradle/wrapper/BootstrapMainStarter;)V+5
j  org.gradle.wrapper.GradleWrapperMain.main([Ljava/lang/String;)V+190
v  ~StubRoutines::call_stub
ldc_w  19 ldc_w  [0x000002890753f4c0, 0x000002890753f7a0]  736 bytes
[MachCode]
  0x000002890753f4c0: 4883 ec08 | c5fa 1104 | 24eb 1f48 | 83ec 10c5 | fb11 0424 | eb14 4883 | ec10 4889 | 0424 48c7 
  0x000002890753f4e0: 4424 0800 | 0000 00eb | 0150 410f | b75d 010f | cbc1 eb10 | 488b 4de8 | 488b 4908 | 488b 4908 
  0x000002890753f500: 488b 4108 | 0fb6 5418 | 0483 fa64 | 740e 83fa | 6774 0983 | fa07 0f85 | bf00 0000 | ba01 0000 
  0x000002890753f520: 00e8 0500 | 0000 e9aa | 0000 0048 | 8d44 2408 | 4c89 6dc0 | 498b cfc5 | f877 4989 | afa8 0200 
  0x000002890753f540: 0049 8987 | 9802 0000 | 4883 ec20 | f7c4 0f00 | 0000 0f84 | 1a00 0000 | 4883 ec08 | 49ba e09f 
  0x000002890753f560: 7a11 fb7f | 0000 41ff | d248 83c4 | 08e9 0d00 | 0000 49ba | e09f 7a11 | fb7f 0000 | 41ff d248 
  0x000002890753f580: 83c4 2049 | c787 9802 | 0000 0000 | 0000 49c7 | 87a8 0200 | 0000 0000 | 0049 c787 | a002 0000 
  0x000002890753f5a0: 0000 0000 | c5f8 7749 | 817f 0800 | 0000 000f | 8405 0000 | 00e9 4619 | ffff 498b | 87f0 0200 
  0x000002890753f5c0: 0049 c787 | f002 0000 | 0000 0000 | 4c8b 6dc0 | 4c8b 75c8 | c350 e997 | 0100 0083 | fa04 7514 
  0x000002890753f5e0: c5fa 1044 | d948 4883 | ec08 c5fa | 1104 24e9 | 7e01 0000 | 83fa 0375 | 0a8b 44d9 | 4850 e96f 
  0x000002890753f600: 0100 00ba | 1300 0000 | e805 0000 | 00e9 aa00 | 0000 488d | 4424 084c | 896d c049 | 8bcf c5f8 
  0x000002890753f620: 7749 89af | a802 0000 | 4989 8798 | 0200 0048 | 83ec 20f7 | c40f 0000 | 000f 841a | 0000 0048 
  0x000002890753f640: 83ec 0849 | bac0 c47a | 11fb 7f00 | 0041 ffd2 | 4883 c408 | e90d 0000 | 0049 bac0 | c47a 11fb 
  0x000002890753f660: 7f00 0041 | ffd2 4883 | c420 49c7 | 8798 0200 | 0000 0000 | 0049 c787 | a802 0000 | 0000 0000 
  0x000002890753f680: 49c7 87a0 | 0200 0000 | 0000 00c5 | f877 4981 | 7f08 0000 | 0000 0f84 | 0500 0000 | e95f 18ff 
  0x000002890753f6a0: ff49 8b87 | f002 0000 | 49c7 87f0 | 0200 0000 | 0000 004c | 8b6d c04c | 8b75 c8c3 | 498b 8ff8 
  0x000002890753f6c0: 0200 0049 | c787 f802 | 0000 0000 | 0000 8bd9 | 81e3 ffff | 0000 c1e9 | 1c83 e10f | 83f9 040f 
  0x000002890753f6e0: 8509 0000 | 008b 0418 | 50e9 8400 | 0000 83f9 | 060f 8513 | 0000 00c5 | fa10 0418 | 4883 ec08 
  0x000002890753f700: c5fa 1104 | 24e9 6800 | 0000 83f9 | 030f 850a | 0000 000f | bf04 1850 | e955 0000 | 0083 f900 
  0x000002890753f720: 0f85 0a00 | 0000 0fbe | 0418 50e9 | 4200 0000 | 83f9 020f | 850a 0000 | 000f b704 | 1850 e92f 
  0x000002890753f740: 0000 0083 | f901 0f85 | 0a00 0000 | 0fbe 0418 | 50e9 1c00 | 0000 48b9 | 1053 df11 | fb7f 0000 
  0x000002890753f760: 4883 e4f0 | 49ba d0e2 | 9d11 fb7f | 0000 41ff | d2f4 410f | b65d 0349 | 83c5 0349 | ba40 a7fd 
  0x000002890753f780: 11fb 7f00 | 0041 ff24 | da0f 1f80 | 0000 0000 | 0000 0000 | 0000 0000 | 0000 0000 | 0000 0000 
[/MachCode]

---------------  P R O C E S S  ---------------

Threads class SMR info:
_java_thread_list=0x00000289116c5180, length=12, elements={
0x0000028978048490, 0x0000028911555270, 0x0000028911555b40, 0x000002891141b240,
0x000002891141bb10, 0x000002891141c3e0, 0x000002891157f3d0, 0x000002891157ffd0,
0x00000289115808e0, 0x00000289116015b0, 0x00000289116f1e20, 0x00000289116f25a0
}

Java Threads: ( => current thread )
=>0x0000028978048490 JavaThread "main" [_thread_in_vm, id=15436, stack(0x000000a138e00000,0x000000a138f00000)]
  0x0000028911555270 JavaThread "Reference Handler" daemon [_thread_blocked, id=9760, stack(0x000000a139500000,0x000000a139600000)]
  0x0000028911555b40 JavaThread "Finalizer" daemon [_thread_blocked, id=17932, stack(0x000000a139600000,0x000000a139700000)]
  0x000002891141b240 JavaThread "Signal Dispatcher" daemon [_thread_blocked, id=20240, stack(0x000000a139700000,0x000000a139800000)]
  0x000002891141bb10 JavaThread "Attach Listener" daemon [_thread_blocked, id=15132, stack(0x000000a139800000,0x000000a139900000)]
  0x000002891141c3e0 JavaThread "Service Thread" daemon [_thread_blocked, id=5260, stack(0x000000a139900000,0x000000a139a00000)]
  0x000002891157f3d0 JavaThread "Monitor Deflation Thread" daemon [_thread_blocked, id=14692, stack(0x000000a139a00000,0x000000a139b00000)]
  0x000002891157ffd0 JavaThread "C2 CompilerThread0" daemon [_thread_blocked, id=14212, stack(0x000000a139b00000,0x000000a139c00000)]
  0x00000289115808e0 JavaThread "C1 CompilerThread0" daemon [_thread_blocked, id=10624, stack(0x000000a139c00000,0x000000a139d00000)]
  0x00000289116015b0 JavaThread "Sweeper thread" daemon [_thread_blocked, id=3324, stack(0x000000a139d00000,0x000000a139e00000)]
  0x00000289116f1e20 JavaThread "Notification Thread" daemon [_thread_blocked, id=11856, stack(0x000000a139e00000,0x000000a139f00000)]
  0x00000289116f25a0 JavaThread "Common-Cleaner" daemon [_thread_blocked, id=11404, stack(0x000000a13a000000,0x000000a13a100000)]

Other Threads:
  0x0000028911401630 VMThread "VM Thread" [stack: 0x000000a139400000,0x000000a139500000] [id=9948]
  0x00000289116f2300 WatcherThread [stack: 0x000000a139f00000,0x000000a13a000000] [id=18568]
  0x00000289780a0ba0 GCTaskThread "GC Thread#0" [stack: 0x000000a138f00000,0x000000a139000000] [id=19032]
  0x00000289780b1040 ConcurrentGCThread "G1 Main Marker" [stack: 0x000000a139000000,0x000000a139100000] [id=10004]
  0x00000289780b1970 ConcurrentGCThread "G1 Conc#0" [stack: 0x000000a139100000,0x000000a139200000] [id=13640]
  0x00000289112480e0 ConcurrentGCThread "G1 Refine#0" [stack: 0x000000a139200000,0x000000a139300000] [id=2040]
  0x000002891124a7d0 ConcurrentGCThread "G1 Service" [stack: 0x000000a139300000,0x000000a139400000] [id=3424]

Threads with active compile tasks:

VM state: not at safepoint (normal execution)

VM Mutex/Monitor currently owned by a thread: None

Heap address: 0x0000000084e00000, size: 1970 MB, Compressed Oops mode: 32-bit

CDS archive(s) not mapped
Compressed class space mapped at: 0x0000000100000000-0x0000000140000000, reserved size: 1073741824
Narrow klass base: 0x0000000000000000, Narrow klass shift: 3, Narrow klass range: 0x140000000

GC Precious Log:
 CPUs: 4 total, 4 available
 Memory: 7879M
 Large Page Support: Disabled
 NUMA Support: Disabled
 Compressed Oops: Enabled (32-bit)
 Heap Region Size: 1M
 Heap Min Capacity: 8M
 Heap Initial Capacity: 124M
 Heap Max Capacity: 1970M
 Pre-touch: Disabled
 Parallel Workers: 4
 Concurrent Workers: 1
 Concurrent Refinement Workers: 4
 Periodic GC: Disabled

Heap:
 garbage-first heap   total 126976K, used 2048K [0x0000000084e00000, 0x0000000100000000)
  region size 1024K, 3 young (3072K), 0 survivors (0K)
 Metaspace       used 7220K, committed 7360K, reserved 1114112K
  class space    used 627K, committed 704K, reserved 1048576K

Heap Regions: E=young(eden), S=young(survivor), O=old, HS=humongous(starts), HC=humongous(continues), CS=collection set, F=free, OA=open archive, CA=closed archive, TAMS=top-at-mark-start (previous, next)
|   0|0x0000000084e00000, 0x0000000084e00000, 0x0000000084f00000|  0%| F|  |TAMS 0x0000000084e00000, 0x0000000084e00000| Untracked 
|   1|0x0000000084f00000, 0x0000000084f00000, 0x0000000085000000|  0%| F|  |TAMS 0x0000000084f00000, 0x0000000084f00000| Untracked 
|   2|0x0000000085000000, 0x0000000085000000, 0x0000000085100000|  0%| F|  |TAMS 0x0000000085000000, 0x0000000085000000| Untracked 
|   3|0x0000000085100000, 0x0000000085100000, 0x0000000085200000|  0%| F|  |TAMS 0x0000000085100000, 0x0000000085100000| Untracked 
|   4|0x0000000085200000, 0x0000000085200000, 0x0000000085300000|  0%| F|  |TAMS 0x0000000085200000, 0x0000000085200000| Untracked 
|   5|0x0000000085300000, 0x0000000085300000, 0x0000000085400000|  0%| F|  |TAMS 0x0000000085300000, 0x0000000085300000| Untracked 
|   6|0x0000000085400000, 0x0000000085400000, 0x0000000085500000|  0%| F|  |TAMS 0x0000000085400000, 0x0000000085400000| Untracked 
|   7|0x0000000085500000, 0x0000000085500000, 0x0000000085600000|  0%| F|  |TAMS 0x0000000085500000, 0x0000000085500000| Untracked 
|   8|0x0000000085600000, 0x0000000085600000, 0x0000000085700000|  0%| F|  |TAMS 0x0000000085600000, 0x0000000085600000| Untracked 
|   9|0x0000000085700000, 0x0000000085700000, 0x0000000085800000|  0%| F|  |TAMS 0x0000000085700000, 0x0000000085700000| Untracked 
|  10|0x0000000085800000, 0x0000000085800000, 0x0000000085900000|  0%| F|  |TAMS 0x0000000085800000, 0x0000000085800000| Untracked 
|  11|0x0000000085900000, 0x0000000085900000, 0x0000000085a00000|  0%| F|  |TAMS 0x0000000085900000, 0x0000000085900000| Untracked 
|  12|0x0000000085a00000, 0x0000000085a00000, 0x0000000085b00000|  0%| F|  |TAMS 0x0000000085a00000, 0x0000000085a00000| Untracked 
|  13|0x0000000085b00000, 0x0000000085b00000, 0x0000000085c00000|  0%| F|  |TAMS 0x0000000085b00000, 0x0000000085b00000| Untracked 
|  14|0x0000000085c00000, 0x0000000085c00000, 0x0000000085d00000|  0%| F|  |TAMS 0x0000000085c00000, 0x0000000085c00000| Untracked 
|  15|0x0000000085d00000, 0x0000000085d00000, 0x0000000085e00000|  0%| F|  |TAMS 0x0000000085d00000, 0x0000000085d00000| Untracked 
|  16|0x0000000085e00000, 0x0000000085e00000, 0x0000000085f00000|  0%| F|  |TAMS 0x0000000085e00000, 0x0000000085e00000| Untracked 
|  17|0x0000000085f00000, 0x0000000085f00000, 0x0000000086000000|  0%| F|  |TAMS 0x0000000085f00000, 0x0000000085f00000| Untracked 
|  18|0x0000000086000000, 0x0000000086000000, 0x0000000086100000|  0%| F|  |TAMS 0x0000000086000000, 0x0000000086000000| Untracked 
|  19|0x0000000086100000, 0x0000000086100000, 0x0000000086200000|  0%| F|  |TAMS 0x0000000086100000, 0x0000000086100000| Untracked 
|  20|0x0000000086200000, 0x0000000086200000, 0x0000000086300000|  0%| F|  |TAMS 0x0000000086200000, 0x0000000086200000| Untracked 
|  21|0x0000000086300000, 0x0000000086300000, 0x0000000086400000|  0%| F|  |TAMS 0x0000000086300000, 0x0000000086300000| Untracked 
|  22|0x0000000086400000, 0x0000000086400000, 0x0000000086500000|  0%| F|  |TAMS 0x0000000086400000, 0x0000000086400000| Untracked 
|  23|0x0000000086500000, 0x0000000086500000, 0x0000000086600000|  0%| F|  |TAMS 0x0000000086500000, 0x0000000086500000| Untracked 
|  24|0x0000000086600000, 0x0000000086600000, 0x0000000086700000|  0%| F|  |TAMS 0x0000000086600000, 0x0000000086600000| Untracked 
|  25|0x0000000086700000, 0x0000000086700000, 0x0000000086800000|  0%| F|  |TAMS 0x0000000086700000, 0x0000000086700000| Untracked 
|  26|0x0000000086800000, 0x0000000086800000, 0x0000000086900000|  0%| F|  |TAMS 0x0000000086800000, 0x0000000086800000| Untracked 
|  27|0x0000000086900000, 0x0000000086900000, 0x0000000086a00000|  0%| F|  |TAMS 0x0000000086900000, 0x0000000086900000| Untracked 
|  28|0x0000000086a00000, 0x0000000086a00000, 0x0000000086b00000|  0%| F|  |TAMS 0x0000000086a00000, 0x0000000086a00000| Untracked 
|  29|0x0000000086b00000, 0x0000000086b00000, 0x0000000086c00000|  0%| F|  |TAMS 0x0000000086b00000, 0x0000000086b00000| Untracked 
|  30|0x0000000086c00000, 0x0000000086c00000, 0x0000000086d00000|  0%| F|  |TAMS 0x0000000086c00000, 0x0000000086c00000| Untracked 
|  31|0x0000000086d00000, 0x0000000086d00000, 0x0000000086e00000|  0%| F|  |TAMS 0x0000000086d00000, 0x0000000086d00000| Untracked 
|  32|0x0000000086e00000, 0x0000000086e00000, 0x0000000086f00000|  0%| F|  |TAMS 0x0000000086e00000, 0x0000000086e00000| Untracked 
|  33|0x0000000086f00000, 0x0000000086f00000, 0x0000000087000000|  0%| F|  |TAMS 0x0000000086f00000, 0x0000000086f00000| Untracked 
|  34|0x0000000087000000, 0x0000000087000000, 0x0000000087100000|  0%| F|  |TAMS 0x0000000087000000, 0x0000000087000000| Untracked 
|  35|0x0000000087100000, 0x0000000087100000, 0x0000000087200000|  0%| F|  |TAMS 0x0000000087100000, 0x0000000087100000| Untracked 
|  36|0x0000000087200000, 0x0000000087200000, 0x0000000087300000|  0%| F|  |TAMS 0x0000000087200000, 0x0000000087200000| Untracked 
|  37|0x0000000087300000, 0x0000000087300000, 0x0000000087400000|  0%| F|  |TAMS 0x0000000087300000, 0x0000000087300000| Untracked 
|  38|0x0000000087400000, 0x0000000087400000, 0x0000000087500000|  0%| F|  |TAMS 0x0000000087400000, 0x0000000087400000| Untracked 
|  39|0x0000000087500000, 0x0000000087500000, 0x0000000087600000|  0%| F|  |TAMS 0x0000000087500000, 0x0000000087500000| Untracked 
|  40|0x0000000087600000, 0x0000000087600000, 0x0000000087700000|  0%| F|  |TAMS 0x0000000087600000, 0x0000000087600000| Untracked 
|  41|0x0000000087700000, 0x0000000087700000, 0x0000000087800000|  0%| F|  |TAMS 0x0000000087700000, 0x0000000087700000| Untracked 
|  42|0x0000000087800000, 0x0000000087800000, 0x0000000087900000|  0%| F|  |TAMS 0x0000000087800000, 0x0000000087800000| Untracked 
|  43|0x0000000087900000, 0x0000000087900000, 0x0000000087a00000|  0%| F|  |TAMS 0x0000000087900000, 0x0000000087900000| Untracked 
|  44|0x0000000087a00000, 0x0000000087a00000, 0x0000000087b00000|  0%| F|  |TAMS 0x0000000087a00000, 0x0000000087a00000| Untracked 
|  45|0x0000000087b00000, 0x0000000087b00000, 0x0000000087c00000|  0%| F|  |TAMS 0x0000000087b00000, 0x0000000087b00000| Untracked 
|  46|0x0000000087c00000, 0x0000000087c00000, 0x0000000087d00000|  0%| F|  |TAMS 0x0000000087c00000, 0x0000000087c00000| Untracked 
|  47|0x0000000087d00000, 0x0000000087d00000, 0x0000000087e00000|  0%| F|  |TAMS 0x0000000087d00000, 0x0000000087d00000| Untracked 
|  48|0x0000000087e00000, 0x0000000087e00000, 0x0000000087f00000|  0%| F|  |TAMS 0x0000000087e00000, 0x0000000087e00000| Untracked 
|  49|0x0000000087f00000, 0x0000000087f00000, 0x0000000088000000|  0%| F|  |TAMS 0x0000000087f00000, 0x0000000087f00000| Untracked 
|  50|0x0000000088000000, 0x0000000088000000, 0x0000000088100000|  0%| F|  |TAMS 0x0000000088000000, 0x0000000088000000| Untracked 
|  51|0x0000000088100000, 0x0000000088100000, 0x0000000088200000|  0%| F|  |TAMS 0x0000000088100000, 0x0000000088100000| Untracked 
|  52|0x0000000088200000, 0x0000000088200000, 0x0000000088300000|  0%| F|  |TAMS 0x0000000088200000, 0x0000000088200000| Untracked 
|  53|0x0000000088300000, 0x0000000088300000, 0x0000000088400000|  0%| F|  |TAMS 0x0000000088300000, 0x0000000088300000| Untracked 
|  54|0x0000000088400000, 0x0000000088400000, 0x0000000088500000|  0%| F|  |TAMS 0x0000000088400000, 0x0000000088400000| Untracked 
|  55|0x0000000088500000, 0x0000000088500000, 0x0000000088600000|  0%| F|  |TAMS 0x0000000088500000, 0x0000000088500000| Untracked 
|  56|0x0000000088600000, 0x0000000088600000, 0x0000000088700000|  0%| F|  |TAMS 0x0000000088600000, 0x0000000088600000| Untracked 
|  57|0x0000000088700000, 0x0000000088700000, 0x0000000088800000|  0%| F|  |TAMS 0x0000000088700000, 0x0000000088700000| Untracked 
|  58|0x0000000088800000, 0x0000000088800000, 0x0000000088900000|  0%| F|  |TAMS 0x0000000088800000, 0x0000000088800000| Untracked 
|  59|0x0000000088900000, 0x0000000088900000, 0x0000000088a00000|  0%| F|  |TAMS 0x0000000088900000, 0x0000000088900000| Untracked 
|  60|0x0000000088a00000, 0x0000000088a00000, 0x0000000088b00000|  0%| F|  |TAMS 0x0000000088a00000, 0x0000000088a00000| Untracked 
|  61|0x0000000088b00000, 0x0000000088b00000, 0x0000000088c00000|  0%| F|  |TAMS 0x0000000088b00000, 0x0000000088b00000| Untracked 
|  62|0x0000000088c00000, 0x0000000088c00000, 0x0000000088d00000|  0%| F|  |TAMS 0x0000000088c00000, 0x0000000088c00000| Untracked 
|  63|0x0000000088d00000, 0x0000000088d00000, 0x0000000088e00000|  0%| F|  |TAMS 0x0000000088d00000, 0x0000000088d00000| Untracked 
|  64|0x0000000088e00000, 0x0000000088e00000, 0x0000000088f00000|  0%| F|  |TAMS 0x0000000088e00000, 0x0000000088e00000| Untracked 
|  65|0x0000000088f00000, 0x0000000088f00000, 0x0000000089000000|  0%| F|  |TAMS 0x0000000088f00000, 0x0000000088f00000| Untracked 
|  66|0x0000000089000000, 0x0000000089000000, 0x0000000089100000|  0%| F|  |TAMS 0x0000000089000000, 0x0000000089000000| Untracked 
|  67|0x0000000089100000, 0x0000000089100000, 0x0000000089200000|  0%| F|  |TAMS 0x0000000089100000, 0x0000000089100000| Untracked 
|  68|0x0000000089200000, 0x0000000089200000, 0x0000000089300000|  0%| F|  |TAMS 0x0000000089200000, 0x0000000089200000| Untracked 
|  69|0x0000000089300000, 0x0000000089300000, 0x0000000089400000|  0%| F|  |TAMS 0x0000000089300000, 0x0000000089300000| Untracked 
|  70|0x0000000089400000, 0x0000000089400000, 0x0000000089500000|  0%| F|  |TAMS 0x0000000089400000, 0x0000000089400000| Untracked 
|  71|0x0000000089500000, 0x0000000089500000, 0x0000000089600000|  0%| F|  |TAMS 0x0000000089500000, 0x0000000089500000| Untracked 
|  72|0x0000000089600000, 0x0000000089600000, 0x0000000089700000|  0%| F|  |TAMS 0x0000000089600000, 0x0000000089600000| Untracked 
|  73|0x0000000089700000, 0x0000000089700000, 0x0000000089800000|  0%| F|  |TAMS 0x0000000089700000, 0x0000000089700000| Untracked 
|  74|0x0000000089800000, 0x0000000089800000, 0x0000000089900000|  0%| F|  |TAMS 0x0000000089800000, 0x0000000089800000| Untracked 
|  75|0x0000000089900000, 0x0000000089900000, 0x0000000089a00000|  0%| F|  |TAMS 0x0000000089900000, 0x0000000089900000| Untracked 
|  76|0x0000000089a00000, 0x0000000089a00000, 0x0000000089b00000|  0%| F|  |TAMS 0x0000000089a00000, 0x0000000089a00000| Untracked 
|  77|0x0000000089b00000, 0x0000000089b00000, 0x0000000089c00000|  0%| F|  |TAMS 0x0000000089b00000, 0x0000000089b00000| Untracked 
|  78|0x0000000089c00000, 0x0000000089c00000, 0x0000000089d00000|  0%| F|  |TAMS 0x0000000089c00000, 0x0000000089c00000| Untracked 
|  79|0x0000000089d00000, 0x0000000089d00000, 0x0000000089e00000|  0%| F|  |TAMS 0x0000000089d00000, 0x0000000089d00000| Untracked 
|  80|0x0000000089e00000, 0x0000000089e00000, 0x0000000089f00000|  0%| F|  |TAMS 0x0000000089e00000, 0x0000000089e00000| Untracked 
|  81|0x0000000089f00000, 0x0000000089f00000, 0x000000008a000000|  0%| F|  |TAMS 0x0000000089f00000, 0x0000000089f00000| Untracked 
|  82|0x000000008a000000, 0x000000008a000000, 0x000000008a100000|  0%| F|  |TAMS 0x000000008a000000, 0x000000008a000000| Untracked 
|  83|0x000000008a100000, 0x000000008a100000, 0x000000008a200000|  0%| F|  |TAMS 0x000000008a100000, 0x000000008a100000| Untracked 
|  84|0x000000008a200000, 0x000000008a200000, 0x000000008a300000|  0%| F|  |TAMS 0x000000008a200000, 0x000000008a200000| Untracked 
|  85|0x000000008a300000, 0x000000008a300000, 0x000000008a400000|  0%| F|  |TAMS 0x000000008a300000, 0x000000008a300000| Untracked 
|  86|0x000000008a400000, 0x000000008a400000, 0x000000008a500000|  0%| F|  |TAMS 0x000000008a400000, 0x000000008a400000| Untracked 
|  87|0x000000008a500000, 0x000000008a500000, 0x000000008a600000|  0%| F|  |TAMS 0x000000008a500000, 0x000000008a500000| Untracked 
|  88|0x000000008a600000, 0x000000008a600000, 0x000000008a700000|  0%| F|  |TAMS 0x000000008a600000, 0x000000008a600000| Untracked 
|  89|0x000000008a700000, 0x000000008a700000, 0x000000008a800000|  0%| F|  |TAMS 0x000000008a700000, 0x000000008a700000| Untracked 
|  90|0x000000008a800000, 0x000000008a800000, 0x000000008a900000|  0%| F|  |TAMS 0x000000008a800000, 0x000000008a800000| Untracked 
|  91|0x000000008a900000, 0x000000008a900000, 0x000000008aa00000|  0%| F|  |TAMS 0x000000008a900000, 0x000000008a900000| Untracked 
|  92|0x000000008aa00000, 0x000000008aa00000, 0x000000008ab00000|  0%| F|  |TAMS 0x000000008aa00000, 0x000000008aa00000| Untracked 
|  93|0x000000008ab00000, 0x000000008ab00000, 0x000000008ac00000|  0%| F|  |TAMS 0x000000008ab00000, 0x000000008ab00000| Untracked 
|  94|0x000000008ac00000, 0x000000008ac00000, 0x000000008ad00000|  0%| F|  |TAMS 0x000000008ac00000, 0x000000008ac00000| Untracked 
|  95|0x000000008ad00000, 0x000000008ad00000, 0x000000008ae00000|  0%| F|  |TAMS 0x000000008ad00000, 0x000000008ad00000| Untracked 
|  96|0x000000008ae00000, 0x000000008ae00000, 0x000000008af00000|  0%| F|  |TAMS 0x000000008ae00000, 0x000000008ae00000| Untracked 
|  97|0x000000008af00000, 0x000000008af00000, 0x000000008b000000|  0%| F|  |TAMS 0x000000008af00000, 0x000000008af00000| Untracked 
|  98|0x000000008b000000, 0x000000008b000000, 0x000000008b100000|  0%| F|  |TAMS 0x000000008b000000, 0x000000008b000000| Untracked 
|  99|0x000000008b100000, 0x000000008b100000, 0x000000008b200000|  0%| F|  |TAMS 0x000000008b100000, 0x000000008b100000| Untracked 
| 100|0x000000008b200000, 0x000000008b200000, 0x000000008b300000|  0%| F|  |TAMS 0x000000008b200000, 0x000000008b200000| Untracked 
| 101|0x000000008b300000, 0x000000008b300000, 0x000000008b400000|  0%| F|  |TAMS 0x000000008b300000, 0x000000008b300000| Untracked 
| 102|0x000000008b400000, 0x000000008b400000, 0x000000008b500000|  0%| F|  |TAMS 0x000000008b400000, 0x000000008b400000| Untracked 
| 103|0x000000008b500000, 0x000000008b500000, 0x000000008b600000|  0%| F|  |TAMS 0x000000008b500000, 0x000000008b500000| Untracked 
| 104|0x000000008b600000, 0x000000008b600000, 0x000000008b700000|  0%| F|  |TAMS 0x000000008b600000, 0x000000008b600000| Untracked 
| 105|0x000000008b700000, 0x000000008b700000, 0x000000008b800000|  0%| F|  |TAMS 0x000000008b700000, 0x000000008b700000| Untracked 
| 106|0x000000008b800000, 0x000000008b800000, 0x000000008b900000|  0%| F|  |TAMS 0x000000008b800000, 0x000000008b800000| Untracked 
| 107|0x000000008b900000, 0x000000008b900000, 0x000000008ba00000|  0%| F|  |TAMS 0x000000008b900000, 0x000000008b900000| Untracked 
| 108|0x000000008ba00000, 0x000000008ba00000, 0x000000008bb00000|  0%| F|  |TAMS 0x000000008ba00000, 0x000000008ba00000| Untracked 
| 109|0x000000008bb00000, 0x000000008bb00000, 0x000000008bc00000|  0%| F|  |TAMS 0x000000008bb00000, 0x000000008bb00000| Untracked 
| 110|0x000000008bc00000, 0x000000008bc00000, 0x000000008bd00000|  0%| F|  |TAMS 0x000000008bc00000, 0x000000008bc00000| Untracked 
| 111|0x000000008bd00000, 0x000000008bd00000, 0x000000008be00000|  0%| F|  |TAMS 0x000000008bd00000, 0x000000008bd00000| Untracked 
| 112|0x000000008be00000, 0x000000008be00000, 0x000000008bf00000|  0%| F|  |TAMS 0x000000008be00000, 0x000000008be00000| Untracked 
| 113|0x000000008bf00000, 0x000000008bf00000, 0x000000008c000000|  0%| F|  |TAMS 0x000000008bf00000, 0x000000008bf00000| Untracked 
| 114|0x000000008c000000, 0x000000008c000000, 0x000000008c100000|  0%| F|  |TAMS 0x000000008c000000, 0x000000008c000000| Untracked 
| 115|0x000000008c100000, 0x000000008c100000, 0x000000008c200000|  0%| F|  |TAMS 0x000000008c100000, 0x000000008c100000| Untracked 
| 116|0x000000008c200000, 0x000000008c200000, 0x000000008c300000|  0%| F|  |TAMS 0x000000008c200000, 0x000000008c200000| Untracked 
| 117|0x000000008c300000, 0x000000008c300000, 0x000000008c400000|  0%| F|  |TAMS 0x000000008c300000, 0x000000008c300000| Untracked 
| 118|0x000000008c400000, 0x000000008c400000, 0x000000008c500000|  0%| F|  |TAMS 0x000000008c400000, 0x000000008c400000| Untracked 
| 119|0x000000008c500000, 0x000000008c500000, 0x000000008c600000|  0%| F|  |TAMS 0x000000008c500000, 0x000000008c500000| Untracked 
| 120|0x000000008c600000, 0x000000008c600000, 0x000000008c700000|  0%| F|  |TAMS 0x000000008c600000, 0x000000008c600000| Untracked 
| 121|0x000000008c700000, 0x000000008c743110, 0x000000008c800000| 26%| E|  |TAMS 0x000000008c700000, 0x000000008c700000| Complete 
| 122|0x000000008c800000, 0x000000008c900000, 0x000000008c900000|100%| E|CS|TAMS 0x000000008c800000, 0x000000008c800000| Complete 
| 123|0x000000008c900000, 0x000000008ca00000, 0x000000008ca00000|100%| E|CS|TAMS 0x000000008c900000, 0x000000008c900000| Complete 

Card table byte_map: [0x000002897b8f0000,0x000002897bcd0000] _byte_map_base: 0x000002897b4c9000

Marking Bits (Prev, Next): (CMBitMap*) 0x00000289780a10d0, (CMBitMap*) 0x00000289780a1110
 Prev Bits: [0x000002897c0b0000, 0x000002897df78000)
 Next Bits: [0x000002897df80000, 0x000002897fe48000)

Polling page: 0x0000028975f00000

Metaspace:

Usage:
  Non-class:      6.44 MB used.
      Class:    627.74 KB used.
       Both:      7.05 MB used.

Virtual space:
  Non-class space:       64.00 MB reserved,       6.50 MB ( 10%) committed,  1 nodes.
      Class space:        1.00 GB reserved,     704.00 KB ( <1%) committed,  1 nodes.
             Both:        1.06 GB reserved,       7.19 MB ( <1%) committed. 

Chunk freelists:
   Non-Class:  9.00 MB
       Class:  15.23 MB
        Both:  24.23 MB

MaxMetaspaceSize: unlimited
CompressedClassSpaceSize: 1.00 GB
Initial GC threshold: 21.00 MB
Current GC threshold: 21.00 MB
CDS: off
MetaspaceReclaimPolicy: balanced
 - commit_granule_bytes: 65536.
 - commit_granule_words: 8192.
 - virtual_space_node_default_size: 8388608.
 - enlarge_chunks_in_place: 1.
 - new_chunks_are_fully_committed: 0.
 - uncommit_free_chunks: 1.
 - use_allocation_guard: 0.
 - handle_deallocations: 1.


Internal statistics:

num_allocs_failed_limit: 0.
num_arena_births: 6.
num_arena_deaths: 0.
num_vsnodes_births: 2.
num_vsnodes_deaths: 0.
num_space_committed: 115.
num_space_uncommitted: 0.
num_chunks_returned_to_freelist: 0.
num_chunks_taken_from_freelist: 29.
num_chunk_merges: 0.
num_chunk_splits: 12.
num_chunks_enlarged: 8.
num_inconsistent_stats: 0.

CodeHeap 'non-profiled nmethods': size=120000Kb used=50Kb max_used=50Kb free=119949Kb
 bounds [0x0000028907ad0000, 0x0000028907d40000, 0x000002890f000000]
CodeHeap 'profiled nmethods': size=120000Kb used=259Kb max_used=259Kb free=119740Kb
 bounds [0x0000028900000000, 0x0000028900270000, 0x0000028907530000]
CodeHeap 'non-nmethods': size=5760Kb used=1113Kb max_used=1125Kb free=4646Kb
 bounds [0x0000028907530000, 0x00000289077a0000, 0x0000028907ad0000]
 total_blobs=579 nmethods=200 adapters=292
 compilation: enabled
              stopped_count=0, restarted_count=0
 full_count=0

Compilation events (20 events):
Event: 6.789 Thread 0x00000289115808e0 nmethod 192 0x0000028900038b90 code [0x0000028900038d20, 0x0000028900038e78]
Event: 6.790 Thread 0x00000289115808e0  193       3       sun.security.util.KnownOIDs::register (349 bytes)
Event: 6.790 Thread 0x000002891157ffd0 nmethod 190 0x0000028907adbb10 code [0x0000028907adbc80, 0x0000028907adbcd8]
Event: 6.791 Thread 0x000002891157ffd0  196       4       java.lang.StringLatin1::canEncode (13 bytes)
Event: 6.792 Thread 0x000002891157ffd0 nmethod 196 0x0000028907adbe10 code [0x0000028907adbf80, 0x0000028907adbff8]
Event: 6.794 Thread 0x000002891157ffd0  199       4       java.lang.CharacterDataLatin1::toUpperCaseEx (71 bytes)
Event: 6.795 Thread 0x00000289115808e0 nmethod 193 0x0000028900038f10 code [0x0000028900039820, 0x000002890003dd98]
Event: 6.795 Thread 0x00000289115808e0  197       3       java.util.HashSet::add (20 bytes)
Event: 6.795 Thread 0x00000289115808e0 nmethod 197 0x000002890003f610 code [0x000002890003f7c0, 0x000002890003f9e8]
Event: 6.795 Thread 0x00000289115808e0  198       3       java.lang.AbstractStringBuilder::newCapacity (59 bytes)
Event: 6.796 Thread 0x00000289115808e0 nmethod 198 0x000002890003fa90 code [0x000002890003fc60, 0x0000028900040058]
Event: 6.796 Thread 0x00000289115808e0  194       3       jdk.internal.util.ArraysSupport::newLength (27 bytes)
Event: 6.796 Thread 0x00000289115808e0 nmethod 194 0x0000028900040210 code [0x00000289000403c0, 0x0000028900040628]
Event: 6.796 Thread 0x00000289115808e0  200       3       java.util.HashMap$HashIterator::hasNext (13 bytes)
Event: 6.796 Thread 0x00000289115808e0 nmethod 200 0x0000028900040710 code [0x00000289000408a0, 0x0000028900040a18]
Event: 6.796 Thread 0x00000289115808e0  195       3       java.util.Locale::getLanguage (8 bytes)
Event: 6.796 Thread 0x00000289115808e0 nmethod 195 0x0000028900040a90 code [0x0000028900040c20, 0x0000028900040d58]
Event: 6.823 Thread 0x000002891157ffd0 nmethod 199 0x0000028907adc110 code [0x0000028907adc280, 0x0000028907adc378]
Event: 6.823 Thread 0x000002891157ffd0  201       4       java.lang.String::hashCode (60 bytes)
Event: 6.827 Thread 0x000002891157ffd0 nmethod 201 0x0000028907adc490 code [0x0000028907adc600, 0x0000028907adc7f8]

GC Heap History (0 events):
No events

Dll operation events (2 events):
Event: 0.067 Loaded shared library C:\Program Files\Android\Android Studio1\jbr\bin\java.dll
Event: 4.316 Loaded shared library C:\Program Files\Android\Android Studio1\jbr\bin\verify.dll

Deoptimization events (0 events):
No events

Classes unloaded (0 events):
No events

Classes redefined (0 events):
No events

Internal exceptions (0 events):
No events

VM Operations (8 events):
Event: 3.718 Executing VM operation: Cleanup
Event: 3.718 Executing VM operation: Cleanup done
Event: 4.233 Executing VM operation: HandshakeAllThreads
Event: 4.233 Executing VM operation: HandshakeAllThreads done
Event: 5.242 Executing VM operation: Cleanup
Event: 5.274 Executing VM operation: Cleanup done
Event: 6.289 Executing VM operation: Cleanup
Event: 6.289 Executing VM operation: Cleanup done

Events (20 events):
Event: 7.215 loading class java/lang/ClassValue
Event: 7.247 loading class java/lang/ClassValue done
Event: 7.247 loading class java/lang/invoke/VarHandles$1 done
Event: 7.247 loading class java/lang/ClassValue$Entry
Event: 7.247 loading class java/lang/ClassValue$Entry done
Event: 7.247 loading class java/lang/ClassValue$Identity
Event: 7.247 loading class java/lang/ClassValue$Identity done
Event: 7.247 loading class java/lang/ClassValue$Version
Event: 7.247 loading class java/lang/ClassValue$Version done
Event: 7.247 loading class java/lang/invoke/VarHandleByteArrayAsInts$ArrayHandle
Event: 7.279 loading class java/lang/invoke/VarHandleByteArrayAsInts$ByteArrayViewVarHandle
Event: 7.279 loading class java/lang/invoke/VarHandleByteArrayAsInts$ByteArrayViewVarHandle done
Event: 7.279 loading class java/lang/invoke/VarHandleByteArrayAsInts$ArrayHandle done
Event: 7.279 loading class java/lang/invoke/VarHandle$1
Event: 7.279 loading class java/lang/invoke/VarHandle$1 done
Event: 7.279 loading class jdk/internal/util/Preconditions$1
Event: 7.279 loading class java/util/function/BiFunction
Event: 7.314 loading class java/util/function/BiFunction done
Event: 7.314 loading class jdk/internal/util/Preconditions$1 done
Event: 7.314 loading class java/lang/invoke/VarHandleGuards


Dynamic libraries:
0x00007ff79f070000 - 0x00007ff79f07a000 	C:\Program Files\Android\Android Studio1\jbr\bin\java.exe
0x00007ffbd1f30000 - 0x00007ffbd2146000 	C:\WINDOWS\SYSTEM32\ntdll.dll
0x00007ffb92560000 - 0x00007ffb92579000 	C:\Program Files\AVG\Antivirus\aswhook.dll
0x00007ffbd0280000 - 0x00007ffbd0344000 	C:\WINDOWS\System32\KERNEL32.DLL
0x00007ffbcf550000 - 0x00007ffbcf8f7000 	C:\WINDOWS\System32\KERNELBASE.dll
0x00007ffbcfa70000 - 0x00007ffbcfb81000 	C:\WINDOWS\System32\ucrtbase.dll
0x00007ffb82380000 - 0x00007ffb82397000 	C:\Program Files\Android\Android Studio1\jbr\bin\jli.dll
0x00007ffbd1870000 - 0x00007ffbd1a1e000 	C:\WINDOWS\System32\USER32.dll
0x00007ffbcf900000 - 0x00007ffbcf926000 	C:\WINDOWS\System32\win32u.dll
0x00007ffbd1ad0000 - 0x00007ffbd1af9000 	C:\WINDOWS\System32\GDI32.dll
0x00007ffbcf430000 - 0x00007ffbcf549000 	C:\WINDOWS\System32\gdi32full.dll
0x00007ffbcfb90000 - 0x00007ffbcfc2a000 	C:\WINDOWS\System32\msvcp_win.dll
0x00007ffb82090000 - 0x00007ffb820ab000 	C:\Program Files\Android\Android Studio1\jbr\bin\VCRUNTIME140.dll
0x00007ffbb1790000 - 0x00007ffbb1a23000 	C:\WINDOWS\WinSxS\amd64_microsoft.windows.common-controls_6595b64144ccf1df_6.0.22621.3235_none_270f74e173860f98\COMCTL32.dll
0x00007ffbd1a20000 - 0x00007ffbd1ac7000 	C:\WINDOWS\System32\msvcrt.dll
0x00007ffbd1e30000 - 0x00007ffbd1e61000 	C:\WINDOWS\System32\IMM32.DLL
0x00007ffbca400000 - 0x00007ffbca40c000 	C:\Program Files\Android\Android Studio1\jbr\bin\vcruntime140_1.dll
0x00007ffb5bf60000 - 0x00007ffb5bfed000 	C:\Program Files\Android\Android Studio1\jbr\bin\msvcp140.dll
0x00007ffb11420000 - 0x00007ffb120a3000 	C:\Program Files\Android\Android Studio1\jbr\bin\server\jvm.dll
0x00007ffbd05f0000 - 0x00007ffbd06a2000 	C:\WINDOWS\System32\ADVAPI32.dll
0x00007ffbd04d0000 - 0x00007ffbd0578000 	C:\WINDOWS\System32\sechost.dll
0x00007ffbcfc30000 - 0x00007ffbcfc58000 	C:\WINDOWS\System32\bcrypt.dll
0x00007ffbd1750000 - 0x00007ffbd1865000 	C:\WINDOWS\System32\RPCRT4.dll
0x00007ffbce0b0000 - 0x00007ffbce0fd000 	C:\WINDOWS\SYSTEM32\POWRPROF.dll
0x00007ffbb4cf0000 - 0x00007ffbb4cf9000 	C:\WINDOWS\SYSTEM32\WSOCK32.dll
0x00007ffbd0190000 - 0x00007ffbd0201000 	C:\WINDOWS\System32\WS2_32.dll
0x00007ffbc8250000 - 0x00007ffbc8284000 	C:\WINDOWS\SYSTEM32\WINMM.dll
0x00007ffbc7850000 - 0x00007ffbc785a000 	C:\WINDOWS\SYSTEM32\VERSION.dll
0x00007ffbce090000 - 0x00007ffbce0a3000 	C:\WINDOWS\SYSTEM32\UMPDC.dll
0x00007ffbce340000 - 0x00007ffbce358000 	C:\WINDOWS\SYSTEM32\kernel.appcore.dll
0x00007ffb93600000 - 0x00007ffb9360a000 	C:\Program Files\Android\Android Studio1\jbr\bin\jimage.dll
0x00007ffbccd00000 - 0x00007ffbccf33000 	C:\WINDOWS\SYSTEM32\DBGHELP.DLL
0x00007ffbd06b0000 - 0x00007ffbd0a38000 	C:\WINDOWS\System32\combase.dll
0x00007ffbd1d50000 - 0x00007ffbd1e27000 	C:\WINDOWS\System32\OLEAUT32.dll
0x00007ffbc0ad0000 - 0x00007ffbc0b02000 	C:\WINDOWS\SYSTEM32\dbgcore.DLL
0x00007ffbcf9f0000 - 0x00007ffbcfa69000 	C:\WINDOWS\System32\bcryptPrimitives.dll
0x00007ffb76b50000 - 0x00007ffb76b75000 	C:\Program Files\Android\Android Studio1\jbr\bin\java.dll
0x00007ffb81190000 - 0x00007ffb811a8000 	C:\Program Files\Android\Android Studio1\jbr\bin\zip.dll
0x00007ffbd0dd0000 - 0x00007ffbd162c000 	C:\WINDOWS\System32\SHELL32.dll
0x00007ffbcd170000 - 0x00007ffbcda69000 	C:\WINDOWS\SYSTEM32\windows.storage.dll
0x00007ffbcd030000 - 0x00007ffbcd16e000 	C:\WINDOWS\SYSTEM32\wintypes.dll
0x00007ffbd1630000 - 0x00007ffbd1723000 	C:\WINDOWS\System32\SHCORE.dll
0x00007ffbd0450000 - 0x00007ffbd04ae000 	C:\WINDOWS\System32\shlwapi.dll
0x00007ffbcf180000 - 0x00007ffbcf1a1000 	C:\WINDOWS\SYSTEM32\profapi.dll
0x00007ffb80c40000 - 0x00007ffb80c59000 	C:\Program Files\Android\Android Studio1\jbr\bin\net.dll
0x00007ffbc7100000 - 0x00007ffbc7236000 	C:\WINDOWS\SYSTEM32\WINHTTP.dll
0x00007ffbce7a0000 - 0x00007ffbce809000 	C:\WINDOWS\system32\mswsock.dll
0x00007ffb7a610000 - 0x00007ffb7a626000 	C:\Program Files\Android\Android Studio1\jbr\bin\nio.dll
0x00007ffb932d0000 - 0x00007ffb932e0000 	C:\Program Files\Android\Android Studio1\jbr\bin\verify.dll

dbghelp: loaded successfully - version: 4.0.5 - missing functions: none
symbol engine: initialized successfully - sym options: 0x614 - pdb path: .;C:\Program Files\Android\Android Studio1\jbr\bin;C:\WINDOWS\SYSTEM32;C:\Program Files\AVG\Antivirus;C:\WINDOWS\WinSxS\amd64_microsoft.windows.common-controls_6595b64144ccf1df_6.0.22621.3235_none_270f74e173860f98;C:\Program Files\Android\Android Studio1\jbr\bin\server

VM Arguments:
jvm_args: -Dorg.gradle.appname=gradlew 
java_command: org.gradle.wrapper.GradleWrapperMain -q -Ptarget-platform=android-x86 -Ptarget=D:\OUTDID\Git\outdid\EV_APPLICATION\lib\main.dart -Pbase-application-name=android.app.Application -Pdart-defines=RkxVVFRFUl9XRUJfQVVUT19ERVRFQ1Q9dHJ1ZQ==,RkxVVFRFUl9XRUJfQ0FOVkFTS0lUX1VSTD1odHRwczovL3d3dy5nc3RhdGljLmNvbS9mbHV0dGVyLWNhbnZhc2tpdC9lNzZjOTU2NDk4ODQxZTFhYjQ1ODU3N2QzODkyMDAzZTU1M2U0ZjNjLw== -Pdart-obfuscation=false -Ptrack-widget-creation=true -Ptree-shake-icons=false -Pfilesystem-scheme=org-dartlang-root assembleDebug
java_class_path (initial): D:\OUTDID\Git\outdid\EV_APPLICATION\android\\gradle\wrapper\gradle-wrapper.jar
Launcher Type: SUN_STANDARD

[Global flags]
     intx CICompilerCount                          = 3                                         {product} {ergonomic}
     uint ConcGCThreads                            = 1                                         {product} {ergonomic}
     uint G1ConcRefinementThreads                  = 4                                         {product} {ergonomic}
   size_t G1HeapRegionSize                         = 1048576                                   {product} {ergonomic}
    uintx GCDrainStackTargetSize                   = 64                                        {product} {ergonomic}
   size_t InitialHeapSize                          = 130023424                                 {product} {ergonomic}
   size_t MarkStackSize                            = 4194304                                   {product} {ergonomic}
   size_t MaxHeapSize                              = 2065694720                                {product} {ergonomic}
   size_t MaxNewSize                               = 1239416832                                {product} {ergonomic}
   size_t MinHeapDeltaBytes                        = 1048576                                   {product} {ergonomic}
   size_t MinHeapSize                              = 8388608                                   {product} {ergonomic}
    uintx NonNMethodCodeHeapSize                   = 5832780                                {pd product} {ergonomic}
    uintx NonProfiledCodeHeapSize                  = 122912730                              {pd product} {ergonomic}
    uintx ProfiledCodeHeapSize                     = 122912730                              {pd product} {ergonomic}
    uintx ReservedCodeCacheSize                    = 251658240                              {pd product} {ergonomic}
     bool SegmentedCodeCache                       = true                                      {product} {ergonomic}
   size_t SoftMaxHeapSize                          = 2065694720                             {manageable} {ergonomic}
     bool UseCompressedClassPointers               = true                           {product lp64_product} {ergonomic}
     bool UseCompressedOops                        = true                           {product lp64_product} {ergonomic}
     bool UseG1GC                                  = true                                      {product} {ergonomic}
     bool UseLargePagesIndividualAllocation        = false                                  {pd product} {ergonomic}

Logging:
Log output configuration:
 #0: stdout all=warning uptime,level,tags
 #1: stderr all=off uptime,level,tags

Environment Variables:
JAVA_HOME=C:\Program Files\Android\Android Studio1\jbr
CLASSPATH=D:\OUTDID\Git\outdid\EV_APPLICATION\android\\gradle\wrapper\gradle-wrapper.jar
PATH=C:\Program Files\Android\Android Studio1\jbr\bin;C:\Program Files\Eclipse Adoptium\jdk-21.0.2.13-hotspot\bin;E:\oracle\product\10.2.0\db_3\bin;E:\oracle\product\10.2.0\db_2\bin;E:\oracle\product\10.2.0\db_1\bin;C:\Program Files (x86)\Common Files\Oracle\Java\javapath;C:\WINDOWS\system32;C:\WINDOWS;C:\WINDOWS\System32\Wbem;C:\WINDOWS\System32\WindowsPowerShell\v1.0\;C:\WINDOWS\System32\OpenSSH\;C:\Users\ANISH KUMAR\AppData\Local\Programs\Python\Python310;C:\Program Files\dotnet\;C:\Program Files\Java\vscode-java-master\bin;C:\apache-tomcat-10.0.23\bin;C:\apache-maven-3.8.6\bin;C:\Program Files\MySQL\MySQL Server 8.0\bin;C:\Program Files\Java;C:\Program Files\Git\cmd;C:\Program Files\nodejs\;C:\Program Files\MongoDB\Server\7.0\bin;C:\mongosh-2.1.1-win32-x64\bin;C:\ProgramData\chocolatey\bin;C:\Program Files\MySQL\MySQL Shell 8.0\bin\;C:\Users\ANISH KUMAR\AppData\Local\Programs\Python\Python39\Scripts\;C:\Users\ANISH KUMAR\AppData\Local\Programs\Python\Python39\;C:\Users\ANISH KUMAR\PycharmProjects\pythonProject3\akk.py;C:\Program Files\JetBrains\PyCharm Community Edition 2022.3.2\bin;;C:\python\Lib\site-packages;C:\Users\ANISH KUMAR\AppData\Local\Programs\Microsoft VS Code\bin;C:\Users\ANISH KUMAR\Desktop\prediction\venu\Scripts;C:\Users\ANISH KUMAR\AppData\Local\Microsoft\WindowsApps;C:\Program Files\JetBrains\IntelliJ IDEA Community Edition 2022.3.2\bin;;C:\Program Files (x86)\Java\jre1.8.0_251\bin;C:\Users\ANISH KUMAR\AppData\Local\Programs\Python\Python310\Scripts;C:\Users\ANISH KUMAR\AppData\Local\Programs\Python\Python310\Scripts;C:\Users\ANISH KUMAR\AppData\Roaming\npm;C:\Program Files\MongoDB\Server\7.0\bin;C:\mongosh-2.1.1-win32-x64\bin;C:\src\flutter\bin;C:\Users\ANISH KUMAR\AppData\Local\Android\Sdk;C:\Users\ANISH KUMAR\AppData\Local\Android\Sdk\platform-tools;;C:\src\flutter\bin\mingit\cmd;C:\src\flutter\bin\mingit\cmd
USERNAME=ANISH KUMAR
OS=Windows_NT
PROCESSOR_IDENTIFIER=Intel64 Family 6 Model 126 Stepping 5, GenuineIntel
TMP=C:\Users\ANISHK~1\AppData\Local\Temp
TEMP=C:\Users\ANISHK~1\AppData\Local\Temp



Periodic native trim disabled

JNI global refs:
JNI global refs: 7, weak refs: 0

JNI global refs memory usage: 843, weak refs: 209

OOME stack traces (most recent first):
Classloader memory used:
Loader bootstrap                                                                       : 885K
Loader jdk.internal.loader.ClassLoaders$AppClassLoader                                 : 17475B


---------------  S Y S T E M  ---------------

OS:
 Windows 11 , 64 bit Build 22621 (10.0.22621.3374)
OS uptime: 1 days 2:17 hours
Hyper-V role detected

CPU: total 4 (initial active 4) (2 cores per cpu, 2 threads per core) family 6 model 126 stepping 5 microcode 0xbc, cx8, cmov, fxsr, ht, mmx, 3dnowpref, sse, sse2, sse3, ssse3, sse4.1, sse4.2, popcnt, lzcnt, tsc, tscinvbit, avx, avx2, aes, erms, clmul, bmi1, bmi2, adx, avx512f, avx512dq, avx512cd, avx512bw, avx512vl, sha, fma, vzeroupper, avx512_vpopcntdq, avx512_vpclmulqdq, avx512_vaes, avx512_vnni, clflush, clflushopt, avx512_vbmi2, avx512_vbmi, hv
Processor Information for all 4 processors :
  Max Mhz: 1201, Current Mhz: 1200, Mhz Limit: 1188

Memory: 4k page, system-wide physical 7879M (274M free)
TotalPageFile size 28754M (AvailPageFile size 0M)
current process WorkingSet (physical memory assigned to process): 37M, peak: 37M
current process commit charge ("private bytes"): 195M, peak: 196M

vm_info: OpenJDK 64-Bit Server VM (17.0.9+0--11185874) for windows-amd64 JRE (17.0.9+0--11185874), built on Dec  6 2023 18:57:44 by "androidbuild" with MS VC++ 16.10 / 16.11 (VS2019)

END.
